The system is: Linux - 5.19.3 - x86_64
Compiling the CXX compiler identification source file "CMakeCXXCompilerId.cpp" succeeded.
Compiler: /nix/store/mp5s94sca8qyy0sgrz7306b9q8pwdbw1-clang-wrapper-11.1.0/bin/clang++ 
Build flags: 
Id flags:  

The output was:
0


Compilation of the CXX compiler identification source "CMakeCXXCompilerId.cpp" produced "a.out"

The CXX compiler identification is Clang, found in "/home/luca/Dokumente/dev/dart/control_center/build/linux/x64/debug/CMakeFiles/3.24.0/CompilerIdCXX/a.out"

Detecting CXX compiler ABI info compiled with the following output:
Change Dir: /home/luca/Dokumente/dev/dart/control_center/build/linux/x64/debug/CMakeFiles/CMakeTmp

Run Build Command(s):/nix/store/va0mcp9vp3xqf69357m50dkgkyfh6rlz-ninja-1.10.2/bin/ninja cmTC_5bc0b && [1/2] Building CXX object CMakeFiles/cmTC_5bc0b.dir/CMakeCXXCompilerABI.cpp.o
clang version 11.1.0
Target: x86_64-unknown-linux-gnu
Thread model: posix
InstalledDir: /nix/store/rdlxfx123zbhkrhl7ypp3lk4l5nczkq8-clang-11.1.0/bin
Found candidate GCC installation: /nix/store/jdc41bl531bw84wi82y6gvij34q5m24a-gcc-11.3.0/lib/gcc/x86_64-unknown-linux-gnu/11.3.0
Found candidate GCC installation: /nix/store/jdc41bl531bw84wi82y6gvij34q5m24a-gcc-11.3.0/lib64/gcc/x86_64-unknown-linux-gnu/11.3.0
Selected GCC installation: /nix/store/jdc41bl531bw84wi82y6gvij34q5m24a-gcc-11.3.0/lib64/gcc/x86_64-unknown-linux-gnu/11.3.0
Candidate multilib: .;@m64
Selected multilib: .;@m64
 (in-process)
 "/nix/store/rdlxfx123zbhkrhl7ypp3lk4l5nczkq8-clang-11.1.0/bin/clang-11" -cc1 -triple x86_64-unknown-linux-gnu -emit-obj -disable-free -disable-llvm-verifier -discard-value-names -main-file-name CMakeCXXCompilerABI.cpp -mrelocation-model pic -pic-level 2 -mframe-pointer=none -fmath-errno -fno-rounding-math -mconstructor-aliases -munwind-tables -target-cpu x86-64 -fno-split-dwarf-inlining -debugger-tuning=gdb -v -nostdsysteminc -resource-dir /nix/store/mp5s94sca8qyy0sgrz7306b9q8pwdbw1-clang-wrapper-11.1.0/resource-root -dependency-file CMakeFiles/cmTC_5bc0b.dir/CMakeCXXCompilerABI.cpp.o.d -MT CMakeFiles/cmTC_5bc0b.dir/CMakeCXXCompilerABI.cpp.o -sys-header-deps -idirafter /nix/store/1x86jfiwsp5qi448fcdkkzn7vmx4krv2-glibc-2.35-163-dev/include -idirafter /usr/include -isystem /nix/store/l119d9k093iv5hf9xfzd0v1n4c6rdr0i-at-spi2-core-2.44.1-dev/include -isystem /nix/store/p0qkri408a3iw8f448hbxqnmiw2v7wry-dbus-1.14.0-dev/include -isystem /nix/store/vasd97zp9z6zczh3pvfpvkgws9352mb2-expat-2.4.8-dev/include -isystem /nix/store/ggwhz4q99p3sw38sz7bd7fwk61b7pslj-glib-2.72.3-dev/include -isystem /nix/store/pff4n2g5spclpmiai531b8dmqscnyvib-zlib-1.2.12-dev/include -isystem /nix/store/jxmc2zhyqgx0j6160fzp4h75ks9q7gyl-libffi-3.4.2-dev/include -isystem /nix/store/5zxflpf41clrajml6ahdjg4z0pylq7pj-gettext-0.21/include -isystem /nix/store/gizfycdnn9pgg0jhw692zanjqr822xn9-glibc-iconv-2.35/include -isystem /nix/store/x7c209rc3qgl68yzj7fv6yv95fxv01w9-dart-2.17.3/include -isystem /nix/store/nlhshd5j3wls7wgl97mn7bmd72nba1dd-gtk+3-3.24.34-dev/include -isystem /nix/store/bxndgh6l53zkds44qiw3ff8l4238ld1b-at-spi2-atk-2.38.0/include -isystem /nix/store/44zachn6vpm2bfk8gxapxgk19s5spsqc-atk-2.38.0-dev/include -isystem /nix/store/klv9kf61cbkqm938l93q837d3nfijdip-cairo-1.16.0-dev/include -isystem /nix/store/gjqc3lxf1yzzzrcpmr5h573xhxlwwncr-fontconfig-2.14.0-dev/include -isystem /nix/store/g6sfb8qzyay57k0z4q5c19z1q8z15ml8-freetype-2.12.1-dev/include -isystem /nix/store/wd1c7q734966mrvynacc6q867h98x0kk-bzip2-1.0.8-dev/include -isystem /nix/store/8gyba5l8m27azjasqx61kx1440cg9cyf-libpng-apng-1.6.37-dev/include -isystem /nix/store/g6mvfv5nh26s4lxa446dh93gmgwvgjns-pixman-0.38.4/include -isystem /nix/store/392pvknw5ia413q4yrnrwn4jlnhmz7dx-libXext-1.3.4-dev/include -isystem /nix/store/dvzlfy3f4ybx5xnzghb6cf46i2cd56z0-xorgproto-2021.5/include -isystem /nix/store/7acawhj1ggis2c4w22pgqsbppv939k3z-libXau-1.0.9-dev/include -isystem /nix/store/8f8c7g6dlhgd0gz1xnwdm5n23d5axiwq-libXrender-0.9.10-dev/include -isystem /nix/store/pwkmvp5hcfnrrg7r659v5jdy4nf7mf2m-libX11-1.7.2-dev/include -isystem /nix/store/rgxhf3hl7yhkrnccbprgf8d05qh57csq-libxcb-1.14-dev/include -isystem /nix/store/l64ifqghmhcwq6hp1mi2gbjd03aj2d7q-xcb-util-0.4.0-dev/include -isystem /nix/store/jiy0q9w3p1iyivpxifvgzmfqpp3205py-libGL-1.4.0-dev/include -isystem /nix/store/8757r1dkhs7vm712jgbfwg6qxl61jby7-libglvnd-1.4.0-dev/include -isystem /nix/store/0l9mzs2ixklc2sqj2s4cvnqbwsd0a8if-fribidi-1.0.12/include -isystem /nix/store/g4h3arc7f6aax4qy0makag5va4h8nps2-gdk-pixbuf-2.42.8-dev/include -isystem /nix/store/hy27vpk83jja366m7k8h1sqg074f33ch-libtiff-4.4.0-dev/include -isystem /nix/store/ifrbcmymc727hdmnpg2adiraflw5rqnz-libjpeg-turbo-2.1.3-dev/include -isystem /nix/store/ga386q4dha3v13cr96xbx0xvhcfqdrwp-xz-5.2.5-dev/include -isystem /nix/store/qgiwksphgqq2p515z8y8y5dcky2n9nb5-gsettings-desktop-schemas-42.0/include -isystem /nix/store/z8a9ipkigx96q1mhf1a522pyy7zc7wzw-libICE-1.0.10-dev/include -isystem /nix/store/fgj5ajp0cy1z03f4spgr36f3a314i04h-libSM-1.2.3-dev/include -isystem /nix/store/yvxin2y9lqwd81bh5his9z0qbgmx8wlm-libXcomposite-0.4.5-dev/include -isystem /nix/store/1q39i0af6ss8wzx59glpc9pynz1iy0jd-libXfixes-6.0.0-dev/include -isystem /nix/store/wgfxb12h1v2c2j7608sz9llxxxlfjip0-libXcursor-1.2.0-dev/include -isystem /nix/store/i27bhf4wh2nr7p0lwbpli9lsgs44f3y3-libXi-1.8-dev/include -isystem /nix/store/4m18wwvb2z9l9k6ydpzmxr551ph0p5n5-libXrandr-1.5.2-dev/include -isystem /nix/store/67hgr8kiqnplx2cgcw2a4f8jb9apnfbl-pango-1.50.8-dev/include -isystem /nix/store/s30c885qgxc27pxlz0xm3nvi123fz095-harfbuzz-5.0.1-dev/include -isystem /nix/store/ypyvh6lhfjdz30djdk7glcrrj91b0p2z-graphite2-1.3.14/include -isystem /nix/store/hi5jfrc6nizn1s30jp8hc1qwl97g524z-libXft-2.3.4-dev/include -isystem /nix/store/an42rhwn6ck2nix6caikrr4rvizknjhh-wayland-1.21.0-dev/include -isystem /nix/store/wipba59hn9dff71nj0sc48cczgyx15x4-libXinerama-1.1.4-dev/include -isystem /nix/store/nfhx215j2jzs2zvdal5ya37lb5x21l8n-cups-2.4.2-dev/include -isystem /nix/store/ssnb78n81gq6g505d6lf68w8msv72znm-gmp-with-cxx-6.2.1-dev/include -isystem /nix/store/zmdm9v4jjl6hbnc7k7nm263l9ch37n1b-libdatrie-2019-12-20-dev/include -isystem /nix/store/wgnhrgl6bgmrdmkhvwbbh10yhd73hsk3-libepoxy-1.5.10-dev/include -isystem /nix/store/10gkcxpl23bxni1hd8b6i9xlcpqs3b9s-libselinux-3.3-dev/include -isystem /nix/store/48i6wr7x37z8xp7fgwbgawqz4wn045lz-libsepol-3.3-dev/include -isystem /nix/store/42nsacvk02vcva6z7xw6av8qygy680rj-libthai-0.1.29-dev/include -isystem /nix/store/nncrf7wrqh0qycs0q1zh6n7mw910hbka-libxkbcommon-1.4.1-dev/include -isystem /nix/store/g6c7bywd8mgb6yc6h74fqkd7abp8rd5r-pcre-8.45-dev/include -isystem /nix/store/6zw8wy8dnadw8bv7qr97s1q12rarzkm6-util-linux-2.38-dev/include -isystem /nix/store/1mygwc53mbdxsmv6akafm5mm7avkphnd-libXdmcp-1.1.3-dev/include -isystem /nix/store/ykqp454ad7clp1iy4whdijgg5bx0zj29-libXtst-1.2.3/include -isystem /nix/store/7rrznbj0v2hx41gz41az0pflaw0110m4-compiler-rt-libc-11.1.0-dev/include -isystem /nix/store/jdc41bl531bw84wi82y6gvij34q5m24a-gcc-11.3.0/include/c++/11.3.0 -isystem /nix/store/jdc41bl531bw84wi82y6gvij34q5m24a-gcc-11.3.0/include/c++/11.3.0/x86_64-unknown-linux-gnu -D _FORTIFY_SOURCE=2 -internal-isystem /nix/store/mp5s94sca8qyy0sgrz7306b9q8pwdbw1-clang-wrapper-11.1.0/resource-root/include -O2 -Wformat -Wformat-security -Werror=format-security -fdeprecated-macro -fdebug-compilation-dir /home/luca/Dokumente/dev/dart/control_center/build/linux/x64/debug/CMakeFiles/CMakeTmp -ferror-limit 19 -fwrapv -stack-protector 2 -stack-protector-buffer-size 4 -fgnuc-version=4.2.1 -fcxx-exceptions -fexceptions -vectorize-loops -vectorize-slp -faddrsig -o CMakeFiles/cmTC_5bc0b.dir/CMakeCXXCompilerABI.cpp.o -x c++ /nix/store/n5r8ipbjfhnhzv3qkp1g74shbvnhnni2-cmake-3.24.0/share/cmake-3.24/Modules/CMakeCXXCompilerABI.cpp
clang -cc1 version 11.1.0 based upon LLVM 11.1.0 default target x86_64-unknown-linux-gnu
ignoring duplicate directory "/nix/store/jiy0q9w3p1iyivpxifvgzmfqpp3205py-libGL-1.4.0-dev/include"
#include "..." search starts here:
#include <...> search starts here:
 /nix/store/l119d9k093iv5hf9xfzd0v1n4c6rdr0i-at-spi2-core-2.44.1-dev/include
 /nix/store/p0qkri408a3iw8f448hbxqnmiw2v7wry-dbus-1.14.0-dev/include
 /nix/store/vasd97zp9z6zczh3pvfpvkgws9352mb2-expat-2.4.8-dev/include
 /nix/store/ggwhz4q99p3sw38sz7bd7fwk61b7pslj-glib-2.72.3-dev/include
 /nix/store/pff4n2g5spclpmiai531b8dmqscnyvib-zlib-1.2.12-dev/include
 /nix/store/jxmc2zhyqgx0j6160fzp4h75ks9q7gyl-libffi-3.4.2-dev/include
 /nix/store/5zxflpf41clrajml6ahdjg4z0pylq7pj-gettext-0.21/include
 /nix/store/gizfycdnn9pgg0jhw692zanjqr822xn9-glibc-iconv-2.35/include
 /nix/store/x7c209rc3qgl68yzj7fv6yv95fxv01w9-dart-2.17.3/include
 /nix/store/nlhshd5j3wls7wgl97mn7bmd72nba1dd-gtk+3-3.24.34-dev/include
 /nix/store/bxndgh6l53zkds44qiw3ff8l4238ld1b-at-spi2-atk-2.38.0/include
 /nix/store/44zachn6vpm2bfk8gxapxgk19s5spsqc-atk-2.38.0-dev/include
 /nix/store/klv9kf61cbkqm938l93q837d3nfijdip-cairo-1.16.0-dev/include
 /nix/store/gjqc3lxf1yzzzrcpmr5h573xhxlwwncr-fontconfig-2.14.0-dev/include
 /nix/store/g6sfb8qzyay57k0z4q5c19z1q8z15ml8-freetype-2.12.1-dev/include
 /nix/store/wd1c7q734966mrvynacc6q867h98x0kk-bzip2-1.0.8-dev/include
 /nix/store/8gyba5l8m27azjasqx61kx1440cg9cyf-libpng-apng-1.6.37-dev/include
 /nix/store/g6mvfv5nh26s4lxa446dh93gmgwvgjns-pixman-0.38.4/include
 /nix/store/392pvknw5ia413q4yrnrwn4jlnhmz7dx-libXext-1.3.4-dev/include
 /nix/store/dvzlfy3f4ybx5xnzghb6cf46i2cd56z0-xorgproto-2021.5/include
 /nix/store/7acawhj1ggis2c4w22pgqsbppv939k3z-libXau-1.0.9-dev/include
 /nix/store/8f8c7g6dlhgd0gz1xnwdm5n23d5axiwq-libXrender-0.9.10-dev/include
 /nix/store/pwkmvp5hcfnrrg7r659v5jdy4nf7mf2m-libX11-1.7.2-dev/include
 /nix/store/rgxhf3hl7yhkrnccbprgf8d05qh57csq-libxcb-1.14-dev/include
 /nix/store/l64ifqghmhcwq6hp1mi2gbjd03aj2d7q-xcb-util-0.4.0-dev/include
 /nix/store/jiy0q9w3p1iyivpxifvgzmfqpp3205py-libGL-1.4.0-dev/include
 /nix/store/0l9mzs2ixklc2sqj2s4cvnqbwsd0a8if-fribidi-1.0.12/include
 /nix/store/g4h3arc7f6aax4qy0makag5va4h8nps2-gdk-pixbuf-2.42.8-dev/include
 /nix/store/hy27vpk83jja366m7k8h1sqg074f33ch-libtiff-4.4.0-dev/include
 /nix/store/ifrbcmymc727hdmnpg2adiraflw5rqnz-libjpeg-turbo-2.1.3-dev/include
 /nix/store/ga386q4dha3v13cr96xbx0xvhcfqdrwp-xz-5.2.5-dev/include
 /nix/store/qgiwksphgqq2p515z8y8y5dcky2n9nb5-gsettings-desktop-schemas-42.0/include
 /nix/store/z8a9ipkigx96q1mhf1a522pyy7zc7wzw-libICE-1.0.10-dev/include
 /nix/store/fgj5ajp0cy1z03f4spgr36f3a314i04h-libSM-1.2.3-dev/include
 /nix/store/yvxin2y9lqwd81bh5his9z0qbgmx8wlm-libXcomposite-0.4.5-dev/include
 /nix/store/1q39i0af6ss8wzx59glpc9pynz1iy0jd-libXfixes-6.0.0-dev/include
 /nix/store/wgfxb12h1v2c2j7608sz9llxxxlfjip0-libXcursor-1.2.0-dev/include
 /nix/store/i27bhf4wh2nr7p0lwbpli9lsgs44f3y3-libXi-1.8-dev/include
 /nix/store/4m18wwvb2z9l9k6ydpzmxr551ph0p5n5-libXrandr-1.5.2-dev/include
 /nix/store/67hgr8kiqnplx2cgcw2a4f8jb9apnfbl-pango-1.50.8-dev/include
 /nix/store/s30c885qgxc27pxlz0xm3nvi123fz095-harfbuzz-5.0.1-dev/include
 /nix/store/ypyvh6lhfjdz30djdk7glcrrj91b0p2z-graphite2-1.3.14/include
 /nix/store/hi5jfrc6nizn1s30jp8hc1qwl97g524z-libXft-2.3.4-dev/include
 /nix/store/an42rhwn6ck2nix6caikrr4rvizknjhh-wayland-1.21.0-dev/include
 /nix/store/wipba59hn9dff71nj0sc48cczgyx15x4-libXinerama-1.1.4-dev/include
 /nix/store/nfhx215j2jzs2zvdal5ya37lb5x21l8n-cups-2.4.2-dev/include
 /nix/store/ssnb78n81gq6g505d6lf68w8msv72znm-gmp-with-cxx-6.2.1-dev/include
 /nix/store/zmdm9v4jjl6hbnc7k7nm263l9ch37n1b-libdatrie-2019-12-20-dev/include
 /nix/store/wgnhrgl6bgmrdmkhvwbbh10yhd73hsk3-libepoxy-1.5.10-dev/include
 /nix/store/10gkcxpl23bxni1hd8b6i9xlcpqs3b9s-libselinux-3.3-dev/include
 /nix/store/48i6wr7x37z8xp7fgwbgawqz4wn045lz-libsepol-3.3-dev/include
 /nix/store/42nsacvk02vcva6z7xw6av8qygy680rj-libthai-0.1.29-dev/include
 /nix/store/nncrf7wrqh0qycs0q1zh6n7mw910hbka-libxkbcommon-1.4.1-dev/include
 /nix/store/g6c7bywd8mgb6yc6h74fqkd7abp8rd5r-pcre-8.45-dev/include
 /nix/store/6zw8wy8dnadw8bv7qr97s1q12rarzkm6-util-linux-2.38-dev/include
 /nix/store/1mygwc53mbdxsmv6akafm5mm7avkphnd-libXdmcp-1.1.3-dev/include
 /nix/store/ykqp454ad7clp1iy4whdijgg5bx0zj29-libXtst-1.2.3/include
 /nix/store/7rrznbj0v2hx41gz41az0pflaw0110m4-compiler-rt-libc-11.1.0-dev/include
 /nix/store/jdc41bl531bw84wi82y6gvij34q5m24a-gcc-11.3.0/include/c++/11.3.0
 /nix/store/jdc41bl531bw84wi82y6gvij34q5m24a-gcc-11.3.0/include/c++/11.3.0/x86_64-unknown-linux-gnu
 /nix/store/mp5s94sca8qyy0sgrz7306b9q8pwdbw1-clang-wrapper-11.1.0/resource-root/include
 /nix/store/1x86jfiwsp5qi448fcdkkzn7vmx4krv2-glibc-2.35-163-dev/include
 /usr/include
End of search list.
[2/2] Linking CXX executable cmTC_5bc0b
clang version 11.1.0
Target: x86_64-unknown-linux-gnu
Thread model: posix
InstalledDir: /nix/store/rdlxfx123zbhkrhl7ypp3lk4l5nczkq8-clang-11.1.0/bin
Found candidate GCC installation: /nix/store/jdc41bl531bw84wi82y6gvij34q5m24a-gcc-11.3.0/lib/gcc/x86_64-unknown-linux-gnu/11.3.0
Found candidate GCC installation: /nix/store/jdc41bl531bw84wi82y6gvij34q5m24a-gcc-11.3.0/lib64/gcc/x86_64-unknown-linux-gnu/11.3.0
Selected GCC installation: /nix/store/jdc41bl531bw84wi82y6gvij34q5m24a-gcc-11.3.0/lib64/gcc/x86_64-unknown-linux-gnu/11.3.0
Candidate multilib: .;@m64
Selected multilib: .;@m64
 "/nix/store/mp5s94sca8qyy0sgrz7306b9q8pwdbw1-clang-wrapper-11.1.0/bin/ld" --eh-frame-hdr -m elf_x86_64 -o cmTC_5bc0b /nix/store/6f66prpgx1qx4n6k450sxs3d157ia1ps-glibc-2.35-163/lib/crt1.o /nix/store/6f66prpgx1qx4n6k450sxs3d157ia1ps-glibc-2.35-163/lib/crti.o /nix/store/jdc41bl531bw84wi82y6gvij34q5m24a-gcc-11.3.0/lib/gcc/x86_64-unknown-linux-gnu/11.3.0/crtbegin.o -L/usr/lib -L/usr/lib32 -L/usr/lib -L/usr/lib32 -L/nix/store/15jsqdqf6al7ajf0ig6gw72nhnxzmb3q-expat-2.4.8/lib -L/nix/store/halhm59bk4qai52lcsidlpwk4rwsv0w2-dbus-1.14.0-lib/lib -L/nix/store/hrn35wrmh3fmql8ak8x3hbfrmc1c614r-zlib-1.2.12/lib -L/nix/store/bd7ks1jmqi06h0k4mgws941ck9ivw4dn-libffi-3.4.2/lib -L/nix/store/5zxflpf41clrajml6ahdjg4z0pylq7pj-gettext-0.21/lib -L/nix/store/hwfw0q5plnqv7qqyz41i9jj9df5p556c-glib-2.72.3/lib -L/nix/store/iqy6yzzw4igl8q8n1s670pxhgh54h0m6-at-spi2-core-2.44.1/lib -L/nix/store/x7c209rc3qgl68yzj7fv6yv95fxv01w9-dart-2.17.3/lib -L/nix/store/bxndgh6l53zkds44qiw3ff8l4238ld1b-at-spi2-atk-2.38.0/lib -L/nix/store/3cbq8c9bn0njn55p9hjm66fzgr8pph60-atk-2.38.0/lib -L/nix/store/5am0ncybqym7qvdsqhw4kjdarnsnyl2p-bzip2-1.0.8/lib -L/nix/store/rw1z00bvbhxa39lxjq8hcijnn9pvjkgw-libpng-apng-1.6.37/lib -L/nix/store/si1acldjinbk7l76j50kp8i5bl1mww6m-freetype-2.12.1/lib -L/nix/store/ay49pdmzqy6a48xa5zwwrxpbj31nlz00-fontconfig-2.14.0-lib/lib -L/nix/store/g6mvfv5nh26s4lxa446dh93gmgwvgjns-pixman-0.38.4/lib -L/nix/store/8z7wghr1f48k3h2pi7sac2irkpzvvd0m-libXau-1.0.9/lib -L/nix/store/xvlh25n2s9pmlwparry8g30gy2c9afhv-libXext-1.3.4/lib -L/nix/store/k4ydfm2cfa3d0wyyagzx8w1ms6759xnq-libxcb-1.14/lib -L/nix/store/mgpraiawrf5gijgi2dgi5lhj9954i7vn-libX11-1.7.2/lib -L/nix/store/r6nimqmwv2wjb8396g6q1rhivchvcy74-libXrender-0.9.10/lib -L/nix/store/g3y8wf4xndydgnc9317qi5dr6zy3ibim-xcb-util-0.4.0/lib -L/nix/store/1pj7sjrqhjzzy05yy1pifdvgk9jm552p-libGL-1.4.0/lib -L/nix/store/6965sarzbc7gkal5hzaxakms4nyiiz6w-libglvnd-1.4.0/lib -L/nix/store/h700gj9x0ban94mjzaaxf3ygblq22mzx-cairo-1.16.0/lib -L/nix/store/0l9mzs2ixklc2sqj2s4cvnqbwsd0a8if-fribidi-1.0.12/lib -L/nix/store/b4cd5w2r1a85z2p9zvixzsp5b06y76lp-libjpeg-turbo-2.1.3/lib -L/nix/store/rivmacrx42wrnx9zavvdzlkk3w6ndfdp-xz-5.2.5/lib -L/nix/store/cfxwajwd0xsrrm219wa07w5him5m27ra-libtiff-4.4.0/lib -L/nix/store/2aii31mm6wca14c6nn8mbwiac7grwcm5-gdk-pixbuf-2.42.8/lib -L/nix/store/snx1kvmnvmavv9fkpb6bq5wii8rfmig8-libICE-1.0.10/lib -L/nix/store/81wlhnkvraaqbkh6zwjizvrpsw555pzg-libSM-1.2.3/lib -L/nix/store/is47mz1fx08vj7h8pp3isiga8nsgbzsv-libXfixes-6.0.0/lib -L/nix/store/3887n1fmqda0spsv2zasbxv3aw7b5llg-libXcomposite-0.4.5/lib -L/nix/store/ndnb9x3asvmjgfvh0q2z1n7cian45sr8-libXcursor-1.2.0/lib -L/nix/store/qmhqfsdmxbji5scmir9yz46f8a0xm2dw-libXi-1.8/lib -L/nix/store/f7libgh4k2rasrl3jx18jdd97n65yns8-libXrandr-1.5.2/lib -L/nix/store/ypyvh6lhfjdz30djdk7glcrrj91b0p2z-graphite2-1.3.14/lib -L/nix/store/ddk80aww7ykb4zlmhq5dn7l8gn2zfq95-harfbuzz-5.0.1/lib -L/nix/store/4ka3ll9fbxfavm0nv8sp9maykk58v4gq-libXft-2.3.4/lib -L/nix/store/kw8m8vm5zs6d2krzaa7dz3d79hwfggl3-pango-1.50.8/lib -L/nix/store/fnfjyksc87b12kb6cwb1g5l6hqp0aisz-wayland-1.21.0/lib -L/nix/store/rxp0pd3bbzhl8klrq8pl4ksjacvpadxr-libXinerama-1.1.4/lib -L/nix/store/zn7w4vjbphsi8j39jxjy97wxh19i3xm0-gmp-with-cxx-6.2.1/lib -L/nix/store/krgcbgpdph49z027qh5swblxxrm0zz3d-cups-2.4.2-lib/lib -L/nix/store/7zcfvib14y1va7707p74sip5drcvpgjl-gtk+3-3.24.34/lib -L/nix/store/4f4zrb8668qh5gs0g9wjfn5gsdgr99is-libdatrie-2019-12-20-lib/lib -L/nix/store/5pihi9vf49fa7p0ikkca5iia9zywzxcb-libepoxy-1.5.10/lib -L/nix/store/rzy6lm45m696iq99kakndddrabv0x3ri-libselinux-3.3/lib -L/nix/store/ky9clik3z67ygm11src3wf7hppv2ids0-libsepol-3.3/lib -L/nix/store/95jv6hq4f1iyvbdh08q73f7g6d5kbg8x-libthai-0.1.29/lib -L/nix/store/v2nakcg7lxxx6ajp98lw4byprg77vvrs-libxkbcommon-1.4.1/lib -L/nix/store/j8xiddj86zw4q8pvh466hcd4papcq8dl-pcre-8.45/lib -L/nix/store/pk6bfdlqm8ddz6y36jdnfmkjh8xp10zi-util-linux-2.38-lib/lib -L/nix/store/lbaz25fqhsbsrpbg53mkkfr8wchv5h1x-libXdmcp-1.1.3/lib -L/nix/store/ykqp454ad7clp1iy4whdijgg5bx0zj29-libXtst-1.2.3/lib -L/nix/store/6f66prpgx1qx4n6k450sxs3d157ia1ps-glibc-2.35-163/lib -L/nix/store/jdc41bl531bw84wi82y6gvij34q5m24a-gcc-11.3.0/lib/gcc/x86_64-unknown-linux-gnu/11.3.0 -L/nix/store/cs16l9whsq2mgydlg0j4x517z4qr861k-gcc-11.3.0-lib/x86_64-unknown-linux-gnu/lib -L/nix/store/r01qnd5sgl8nhs3jcibkn1blzgyl4vga-clang-11.1.0-lib/lib -L/nix/store/jdc41bl531bw84wi82y6gvij34q5m24a-gcc-11.3.0/lib64/gcc/x86_64-unknown-linux-gnu/11.3.0 -L/nix/store/jdc41bl531bw84wi82y6gvij34q5m24a-gcc-11.3.0/lib64/gcc/x86_64-unknown-linux-gnu/11.3.0/../../../../lib64 -L/lib/../lib64 -L/usr/lib/../lib64 -L/nix/store/jdc41bl531bw84wi82y6gvij34q5m24a-gcc-11.3.0/lib64/gcc/x86_64-unknown-linux-gnu/11.3.0/../../.. -L/lib -L/usr/lib -dynamic-linker=/nix/store/6f66prpgx1qx4n6k450sxs3d157ia1ps-glibc-2.35-163/lib/ld-linux-x86-64.so.2 CMakeFiles/cmTC_5bc0b.dir/CMakeCXXCompilerABI.cpp.o -lstdc++ -lm -lgcc_s -lgcc -lc -lgcc_s -lgcc /nix/store/jdc41bl531bw84wi82y6gvij34q5m24a-gcc-11.3.0/lib/gcc/x86_64-unknown-linux-gnu/11.3.0/crtend.o /nix/store/6f66prpgx1qx4n6k450sxs3d157ia1ps-glibc-2.35-163/lib/crtn.o



Parsed CXX implicit include dir info from above output: rv=done
  found start of include info
  found start of implicit include info
    add: [/nix/store/l119d9k093iv5hf9xfzd0v1n4c6rdr0i-at-spi2-core-2.44.1-dev/include]
    add: [/nix/store/p0qkri408a3iw8f448hbxqnmiw2v7wry-dbus-1.14.0-dev/include]
    add: [/nix/store/vasd97zp9z6zczh3pvfpvkgws9352mb2-expat-2.4.8-dev/include]
    add: [/nix/store/ggwhz4q99p3sw38sz7bd7fwk61b7pslj-glib-2.72.3-dev/include]
    add: [/nix/store/pff4n2g5spclpmiai531b8dmqscnyvib-zlib-1.2.12-dev/include]
    add: [/nix/store/jxmc2zhyqgx0j6160fzp4h75ks9q7gyl-libffi-3.4.2-dev/include]
    add: [/nix/store/5zxflpf41clrajml6ahdjg4z0pylq7pj-gettext-0.21/include]
    add: [/nix/store/gizfycdnn9pgg0jhw692zanjqr822xn9-glibc-iconv-2.35/include]
    add: [/nix/store/x7c209rc3qgl68yzj7fv6yv95fxv01w9-dart-2.17.3/include]
    add: [/nix/store/nlhshd5j3wls7wgl97mn7bmd72nba1dd-gtk+3-3.24.34-dev/include]
    add: [/nix/store/bxndgh6l53zkds44qiw3ff8l4238ld1b-at-spi2-atk-2.38.0/include]
    add: [/nix/store/44zachn6vpm2bfk8gxapxgk19s5spsqc-atk-2.38.0-dev/include]
    add: [/nix/store/klv9kf61cbkqm938l93q837d3nfijdip-cairo-1.16.0-dev/include]
    add: [/nix/store/gjqc3lxf1yzzzrcpmr5h573xhxlwwncr-fontconfig-2.14.0-dev/include]
    add: [/nix/store/g6sfb8qzyay57k0z4q5c19z1q8z15ml8-freetype-2.12.1-dev/include]
    add: [/nix/store/wd1c7q734966mrvynacc6q867h98x0kk-bzip2-1.0.8-dev/include]
    add: [/nix/store/8gyba5l8m27azjasqx61kx1440cg9cyf-libpng-apng-1.6.37-dev/include]
    add: [/nix/store/g6mvfv5nh26s4lxa446dh93gmgwvgjns-pixman-0.38.4/include]
    add: [/nix/store/392pvknw5ia413q4yrnrwn4jlnhmz7dx-libXext-1.3.4-dev/include]
    add: [/nix/store/dvzlfy3f4ybx5xnzghb6cf46i2cd56z0-xorgproto-2021.5/include]
    add: [/nix/store/7acawhj1ggis2c4w22pgqsbppv939k3z-libXau-1.0.9-dev/include]
    add: [/nix/store/8f8c7g6dlhgd0gz1xnwdm5n23d5axiwq-libXrender-0.9.10-dev/include]
    add: [/nix/store/pwkmvp5hcfnrrg7r659v5jdy4nf7mf2m-libX11-1.7.2-dev/include]
    add: [/nix/store/rgxhf3hl7yhkrnccbprgf8d05qh57csq-libxcb-1.14-dev/include]
    add: [/nix/store/l64ifqghmhcwq6hp1mi2gbjd03aj2d7q-xcb-util-0.4.0-dev/include]
    add: [/nix/store/jiy0q9w3p1iyivpxifvgzmfqpp3205py-libGL-1.4.0-dev/include]
    add: [/nix/store/0l9mzs2ixklc2sqj2s4cvnqbwsd0a8if-fribidi-1.0.12/include]
    add: [/nix/store/g4h3arc7f6aax4qy0makag5va4h8nps2-gdk-pixbuf-2.42.8-dev/include]
    add: [/nix/store/hy27vpk83jja366m7k8h1sqg074f33ch-libtiff-4.4.0-dev/include]
    add: [/nix/store/ifrbcmymc727hdmnpg2adiraflw5rqnz-libjpeg-turbo-2.1.3-dev/include]
    add: [/nix/store/ga386q4dha3v13cr96xbx0xvhcfqdrwp-xz-5.2.5-dev/include]
    add: [/nix/store/qgiwksphgqq2p515z8y8y5dcky2n9nb5-gsettings-desktop-schemas-42.0/include]
    add: [/nix/store/z8a9ipkigx96q1mhf1a522pyy7zc7wzw-libICE-1.0.10-dev/include]
    add: [/nix/store/fgj5ajp0cy1z03f4spgr36f3a314i04h-libSM-1.2.3-dev/include]
    add: [/nix/store/yvxin2y9lqwd81bh5his9z0qbgmx8wlm-libXcomposite-0.4.5-dev/include]
    add: [/nix/store/1q39i0af6ss8wzx59glpc9pynz1iy0jd-libXfixes-6.0.0-dev/include]
    add: [/nix/store/wgfxb12h1v2c2j7608sz9llxxxlfjip0-libXcursor-1.2.0-dev/include]
    add: [/nix/store/i27bhf4wh2nr7p0lwbpli9lsgs44f3y3-libXi-1.8-dev/include]
    add: [/nix/store/4m18wwvb2z9l9k6ydpzmxr551ph0p5n5-libXrandr-1.5.2-dev/include]
    add: [/nix/store/67hgr8kiqnplx2cgcw2a4f8jb9apnfbl-pango-1.50.8-dev/include]
    add: [/nix/store/s30c885qgxc27pxlz0xm3nvi123fz095-harfbuzz-5.0.1-dev/include]
    add: [/nix/store/ypyvh6lhfjdz30djdk7glcrrj91b0p2z-graphite2-1.3.14/include]
    add: [/nix/store/hi5jfrc6nizn1s30jp8hc1qwl97g524z-libXft-2.3.4-dev/include]
    add: [/nix/store/an42rhwn6ck2nix6caikrr4rvizknjhh-wayland-1.21.0-dev/include]
    add: [/nix/store/wipba59hn9dff71nj0sc48cczgyx15x4-libXinerama-1.1.4-dev/include]
    add: [/nix/store/nfhx215j2jzs2zvdal5ya37lb5x21l8n-cups-2.4.2-dev/include]
    add: [/nix/store/ssnb78n81gq6g505d6lf68w8msv72znm-gmp-with-cxx-6.2.1-dev/include]
    add: [/nix/store/zmdm9v4jjl6hbnc7k7nm263l9ch37n1b-libdatrie-2019-12-20-dev/include]
    add: [/nix/store/wgnhrgl6bgmrdmkhvwbbh10yhd73hsk3-libepoxy-1.5.10-dev/include]
    add: [/nix/store/10gkcxpl23bxni1hd8b6i9xlcpqs3b9s-libselinux-3.3-dev/include]
    add: [/nix/store/48i6wr7x37z8xp7fgwbgawqz4wn045lz-libsepol-3.3-dev/include]
    add: [/nix/store/42nsacvk02vcva6z7xw6av8qygy680rj-libthai-0.1.29-dev/include]
    add: [/nix/store/nncrf7wrqh0qycs0q1zh6n7mw910hbka-libxkbcommon-1.4.1-dev/include]
    add: [/nix/store/g6c7bywd8mgb6yc6h74fqkd7abp8rd5r-pcre-8.45-dev/include]
    add: [/nix/store/6zw8wy8dnadw8bv7qr97s1q12rarzkm6-util-linux-2.38-dev/include]
    add: [/nix/store/1mygwc53mbdxsmv6akafm5mm7avkphnd-libXdmcp-1.1.3-dev/include]
    add: [/nix/store/ykqp454ad7clp1iy4whdijgg5bx0zj29-libXtst-1.2.3/include]
    add: [/nix/store/7rrznbj0v2hx41gz41az0pflaw0110m4-compiler-rt-libc-11.1.0-dev/include]
    add: [/nix/store/jdc41bl531bw84wi82y6gvij34q5m24a-gcc-11.3.0/include/c++/11.3.0]
    add: [/nix/store/jdc41bl531bw84wi82y6gvij34q5m24a-gcc-11.3.0/include/c++/11.3.0/x86_64-unknown-linux-gnu]
    add: [/nix/store/mp5s94sca8qyy0sgrz7306b9q8pwdbw1-clang-wrapper-11.1.0/resource-root/include]
    add: [/nix/store/1x86jfiwsp5qi448fcdkkzn7vmx4krv2-glibc-2.35-163-dev/include]
    add: [/usr/include]
  end of search list found
  collapse include dir [/nix/store/l119d9k093iv5hf9xfzd0v1n4c6rdr0i-at-spi2-core-2.44.1-dev/include] ==> [/nix/store/l119d9k093iv5hf9xfzd0v1n4c6rdr0i-at-spi2-core-2.44.1-dev/include]
  collapse include dir [/nix/store/p0qkri408a3iw8f448hbxqnmiw2v7wry-dbus-1.14.0-dev/include] ==> [/nix/store/p0qkri408a3iw8f448hbxqnmiw2v7wry-dbus-1.14.0-dev/include]
  collapse include dir [/nix/store/vasd97zp9z6zczh3pvfpvkgws9352mb2-expat-2.4.8-dev/include] ==> [/nix/store/vasd97zp9z6zczh3pvfpvkgws9352mb2-expat-2.4.8-dev/include]
  collapse include dir [/nix/store/ggwhz4q99p3sw38sz7bd7fwk61b7pslj-glib-2.72.3-dev/include] ==> [/nix/store/ggwhz4q99p3sw38sz7bd7fwk61b7pslj-glib-2.72.3-dev/include]
  collapse include dir [/nix/store/pff4n2g5spclpmiai531b8dmqscnyvib-zlib-1.2.12-dev/include] ==> [/nix/store/pff4n2g5spclpmiai531b8dmqscnyvib-zlib-1.2.12-dev/include]
  collapse include dir [/nix/store/jxmc2zhyqgx0j6160fzp4h75ks9q7gyl-libffi-3.4.2-dev/include] ==> [/nix/store/jxmc2zhyqgx0j6160fzp4h75ks9q7gyl-libffi-3.4.2-dev/include]
  collapse include dir [/nix/store/5zxflpf41clrajml6ahdjg4z0pylq7pj-gettext-0.21/include] ==> [/nix/store/5zxflpf41clrajml6ahdjg4z0pylq7pj-gettext-0.21/include]
  collapse include dir [/nix/store/gizfycdnn9pgg0jhw692zanjqr822xn9-glibc-iconv-2.35/include] ==> [/nix/store/gizfycdnn9pgg0jhw692zanjqr822xn9-glibc-iconv-2.35/include]
  collapse include dir [/nix/store/x7c209rc3qgl68yzj7fv6yv95fxv01w9-dart-2.17.3/include] ==> [/nix/store/x7c209rc3qgl68yzj7fv6yv95fxv01w9-dart-2.17.3/include]
  collapse include dir [/nix/store/nlhshd5j3wls7wgl97mn7bmd72nba1dd-gtk+3-3.24.34-dev/include] ==> [/nix/store/nlhshd5j3wls7wgl97mn7bmd72nba1dd-gtk+3-3.24.34-dev/include]
  collapse include dir [/nix/store/bxndgh6l53zkds44qiw3ff8l4238ld1b-at-spi2-atk-2.38.0/include] ==> [/nix/store/bxndgh6l53zkds44qiw3ff8l4238ld1b-at-spi2-atk-2.38.0/include]
  collapse include dir [/nix/store/44zachn6vpm2bfk8gxapxgk19s5spsqc-atk-2.38.0-dev/include] ==> [/nix/store/44zachn6vpm2bfk8gxapxgk19s5spsqc-atk-2.38.0-dev/include]
  collapse include dir [/nix/store/klv9kf61cbkqm938l93q837d3nfijdip-cairo-1.16.0-dev/include] ==> [/nix/store/klv9kf61cbkqm938l93q837d3nfijdip-cairo-1.16.0-dev/include]
  collapse include dir [/nix/store/gjqc3lxf1yzzzrcpmr5h573xhxlwwncr-fontconfig-2.14.0-dev/include] ==> [/nix/store/gjqc3lxf1yzzzrcpmr5h573xhxlwwncr-fontconfig-2.14.0-dev/include]
  collapse include dir [/nix/store/g6sfb8qzyay57k0z4q5c19z1q8z15ml8-freetype-2.12.1-dev/include] ==> [/nix/store/g6sfb8qzyay57k0z4q5c19z1q8z15ml8-freetype-2.12.1-dev/include]
  collapse include dir [/nix/store/wd1c7q734966mrvynacc6q867h98x0kk-bzip2-1.0.8-dev/include] ==> [/nix/store/wd1c7q734966mrvynacc6q867h98x0kk-bzip2-1.0.8-dev/include]
  collapse include dir [/nix/store/8gyba5l8m27azjasqx61kx1440cg9cyf-libpng-apng-1.6.37-dev/include] ==> [/nix/store/8gyba5l8m27azjasqx61kx1440cg9cyf-libpng-apng-1.6.37-dev/include]
  collapse include dir [/nix/store/g6mvfv5nh26s4lxa446dh93gmgwvgjns-pixman-0.38.4/include] ==> [/nix/store/g6mvfv5nh26s4lxa446dh93gmgwvgjns-pixman-0.38.4/include]
  collapse include dir [/nix/store/392pvknw5ia413q4yrnrwn4jlnhmz7dx-libXext-1.3.4-dev/include] ==> [/nix/store/392pvknw5ia413q4yrnrwn4jlnhmz7dx-libXext-1.3.4-dev/include]
  collapse include dir [/nix/store/dvzlfy3f4ybx5xnzghb6cf46i2cd56z0-xorgproto-2021.5/include] ==> [/nix/store/dvzlfy3f4ybx5xnzghb6cf46i2cd56z0-xorgproto-2021.5/include]
  collapse include dir [/nix/store/7acawhj1ggis2c4w22pgqsbppv939k3z-libXau-1.0.9-dev/include] ==> [/nix/store/7acawhj1ggis2c4w22pgqsbppv939k3z-libXau-1.0.9-dev/include]
  collapse include dir [/nix/store/8f8c7g6dlhgd0gz1xnwdm5n23d5axiwq-libXrender-0.9.10-dev/include] ==> [/nix/store/8f8c7g6dlhgd0gz1xnwdm5n23d5axiwq-libXrender-0.9.10-dev/include]
  collapse include dir [/nix/store/pwkmvp5hcfnrrg7r659v5jdy4nf7mf2m-libX11-1.7.2-dev/include] ==> [/nix/store/pwkmvp5hcfnrrg7r659v5jdy4nf7mf2m-libX11-1.7.2-dev/include]
  collapse include dir [/nix/store/rgxhf3hl7yhkrnccbprgf8d05qh57csq-libxcb-1.14-dev/include] ==> [/nix/store/rgxhf3hl7yhkrnccbprgf8d05qh57csq-libxcb-1.14-dev/include]
  collapse include dir [/nix/store/l64ifqghmhcwq6hp1mi2gbjd03aj2d7q-xcb-util-0.4.0-dev/include] ==> [/nix/store/l64ifqghmhcwq6hp1mi2gbjd03aj2d7q-xcb-util-0.4.0-dev/include]
  collapse include dir [/nix/store/jiy0q9w3p1iyivpxifvgzmfqpp3205py-libGL-1.4.0-dev/include] ==> [/nix/store/jiy0q9w3p1iyivpxifvgzmfqpp3205py-libGL-1.4.0-dev/include]
  collapse include dir [/nix/store/0l9mzs2ixklc2sqj2s4cvnqbwsd0a8if-fribidi-1.0.12/include] ==> [/nix/store/0l9mzs2ixklc2sqj2s4cvnqbwsd0a8if-fribidi-1.0.12/include]
  collapse include dir [/nix/store/g4h3arc7f6aax4qy0makag5va4h8nps2-gdk-pixbuf-2.42.8-dev/include] ==> [/nix/store/g4h3arc7f6aax4qy0makag5va4h8nps2-gdk-pixbuf-2.42.8-dev/include]
  collapse include dir [/nix/store/hy27vpk83jja366m7k8h1sqg074f33ch-libtiff-4.4.0-dev/include] ==> [/nix/store/hy27vpk83jja366m7k8h1sqg074f33ch-libtiff-4.4.0-dev/include]
  collapse include dir [/nix/store/ifrbcmymc727hdmnpg2adiraflw5rqnz-libjpeg-turbo-2.1.3-dev/include] ==> [/nix/store/ifrbcmymc727hdmnpg2adiraflw5rqnz-libjpeg-turbo-2.1.3-dev/include]
  collapse include dir [/nix/store/ga386q4dha3v13cr96xbx0xvhcfqdrwp-xz-5.2.5-dev/include] ==> [/nix/store/ga386q4dha3v13cr96xbx0xvhcfqdrwp-xz-5.2.5-dev/include]
  collapse include dir [/nix/store/qgiwksphgqq2p515z8y8y5dcky2n9nb5-gsettings-desktop-schemas-42.0/include] ==> [/nix/store/qgiwksphgqq2p515z8y8y5dcky2n9nb5-gsettings-desktop-schemas-42.0/include]
  collapse include dir [/nix/store/z8a9ipkigx96q1mhf1a522pyy7zc7wzw-libICE-1.0.10-dev/include] ==> [/nix/store/z8a9ipkigx96q1mhf1a522pyy7zc7wzw-libICE-1.0.10-dev/include]
  collapse include dir [/nix/store/fgj5ajp0cy1z03f4spgr36f3a314i04h-libSM-1.2.3-dev/include] ==> [/nix/store/fgj5ajp0cy1z03f4spgr36f3a314i04h-libSM-1.2.3-dev/include]
  collapse include dir [/nix/store/yvxin2y9lqwd81bh5his9z0qbgmx8wlm-libXcomposite-0.4.5-dev/include] ==> [/nix/store/yvxin2y9lqwd81bh5his9z0qbgmx8wlm-libXcomposite-0.4.5-dev/include]
  collapse include dir [/nix/store/1q39i0af6ss8wzx59glpc9pynz1iy0jd-libXfixes-6.0.0-dev/include] ==> [/nix/store/1q39i0af6ss8wzx59glpc9pynz1iy0jd-libXfixes-6.0.0-dev/include]
  collapse include dir [/nix/store/wgfxb12h1v2c2j7608sz9llxxxlfjip0-libXcursor-1.2.0-dev/include] ==> [/nix/store/wgfxb12h1v2c2j7608sz9llxxxlfjip0-libXcursor-1.2.0-dev/include]
  collapse include dir [/nix/store/i27bhf4wh2nr7p0lwbpli9lsgs44f3y3-libXi-1.8-dev/include] ==> [/nix/store/i27bhf4wh2nr7p0lwbpli9lsgs44f3y3-libXi-1.8-dev/include]
  collapse include dir [/nix/store/4m18wwvb2z9l9k6ydpzmxr551ph0p5n5-libXrandr-1.5.2-dev/include] ==> [/nix/store/4m18wwvb2z9l9k6ydpzmxr551ph0p5n5-libXrandr-1.5.2-dev/include]
  collapse include dir [/nix/store/67hgr8kiqnplx2cgcw2a4f8jb9apnfbl-pango-1.50.8-dev/include] ==> [/nix/store/67hgr8kiqnplx2cgcw2a4f8jb9apnfbl-pango-1.50.8-dev/include]
  collapse include dir [/nix/store/s30c885qgxc27pxlz0xm3nvi123fz095-harfbuzz-5.0.1-dev/include] ==> [/nix/store/s30c885qgxc27pxlz0xm3nvi123fz095-harfbuzz-5.0.1-dev/include]
  collapse include dir [/nix/store/ypyvh6lhfjdz30djdk7glcrrj91b0p2z-graphite2-1.3.14/include] ==> [/nix/store/ypyvh6lhfjdz30djdk7glcrrj91b0p2z-graphite2-1.3.14/include]
  collapse include dir [/nix/store/hi5jfrc6nizn1s30jp8hc1qwl97g524z-libXft-2.3.4-dev/include] ==> [/nix/store/hi5jfrc6nizn1s30jp8hc1qwl97g524z-libXft-2.3.4-dev/include]
  collapse include dir [/nix/store/an42rhwn6ck2nix6caikrr4rvizknjhh-wayland-1.21.0-dev/include] ==> [/nix/store/an42rhwn6ck2nix6caikrr4rvizknjhh-wayland-1.21.0-dev/include]
  collapse include dir [/nix/store/wipba59hn9dff71nj0sc48cczgyx15x4-libXinerama-1.1.4-dev/include] ==> [/nix/store/wipba59hn9dff71nj0sc48cczgyx15x4-libXinerama-1.1.4-dev/include]
  collapse include dir [/nix/store/nfhx215j2jzs2zvdal5ya37lb5x21l8n-cups-2.4.2-dev/include] ==> [/nix/store/nfhx215j2jzs2zvdal5ya37lb5x21l8n-cups-2.4.2-dev/include]
  collapse include dir [/nix/store/ssnb78n81gq6g505d6lf68w8msv72znm-gmp-with-cxx-6.2.1-dev/include] ==> [/nix/store/ssnb78n81gq6g505d6lf68w8msv72znm-gmp-with-cxx-6.2.1-dev/include]
  collapse include dir [/nix/store/zmdm9v4jjl6hbnc7k7nm263l9ch37n1b-libdatrie-2019-12-20-dev/include] ==> [/nix/store/zmdm9v4jjl6hbnc7k7nm263l9ch37n1b-libdatrie-2019-12-20-dev/include]
  collapse include dir [/nix/store/wgnhrgl6bgmrdmkhvwbbh10yhd73hsk3-libepoxy-1.5.10-dev/include] ==> [/nix/store/wgnhrgl6bgmrdmkhvwbbh10yhd73hsk3-libepoxy-1.5.10-dev/include]
  collapse include dir [/nix/store/10gkcxpl23bxni1hd8b6i9xlcpqs3b9s-libselinux-3.3-dev/include] ==> [/nix/store/10gkcxpl23bxni1hd8b6i9xlcpqs3b9s-libselinux-3.3-dev/include]
  collapse include dir [/nix/store/48i6wr7x37z8xp7fgwbgawqz4wn045lz-libsepol-3.3-dev/include] ==> [/nix/store/48i6wr7x37z8xp7fgwbgawqz4wn045lz-libsepol-3.3-dev/include]
  collapse include dir [/nix/store/42nsacvk02vcva6z7xw6av8qygy680rj-libthai-0.1.29-dev/include] ==> [/nix/store/42nsacvk02vcva6z7xw6av8qygy680rj-libthai-0.1.29-dev/include]
  collapse include dir [/nix/store/nncrf7wrqh0qycs0q1zh6n7mw910hbka-libxkbcommon-1.4.1-dev/include] ==> [/nix/store/nncrf7wrqh0qycs0q1zh6n7mw910hbka-libxkbcommon-1.4.1-dev/include]
  collapse include dir [/nix/store/g6c7bywd8mgb6yc6h74fqkd7abp8rd5r-pcre-8.45-dev/include] ==> [/nix/store/g6c7bywd8mgb6yc6h74fqkd7abp8rd5r-pcre-8.45-dev/include]
  collapse include dir [/nix/store/6zw8wy8dnadw8bv7qr97s1q12rarzkm6-util-linux-2.38-dev/include] ==> [/nix/store/6zw8wy8dnadw8bv7qr97s1q12rarzkm6-util-linux-2.38-dev/include]
  collapse include dir [/nix/store/1mygwc53mbdxsmv6akafm5mm7avkphnd-libXdmcp-1.1.3-dev/include] ==> [/nix/store/1mygwc53mbdxsmv6akafm5mm7avkphnd-libXdmcp-1.1.3-dev/include]
  collapse include dir [/nix/store/ykqp454ad7clp1iy4whdijgg5bx0zj29-libXtst-1.2.3/include] ==> [/nix/store/ykqp454ad7clp1iy4whdijgg5bx0zj29-libXtst-1.2.3/include]
  collapse include dir [/nix/store/7rrznbj0v2hx41gz41az0pflaw0110m4-compiler-rt-libc-11.1.0-dev/include] ==> [/nix/store/7rrznbj0v2hx41gz41az0pflaw0110m4-compiler-rt-libc-11.1.0-dev/include]
  collapse include dir [/nix/store/jdc41bl531bw84wi82y6gvij34q5m24a-gcc-11.3.0/include/c++/11.3.0] ==> [/nix/store/jdc41bl531bw84wi82y6gvij34q5m24a-gcc-11.3.0/include/c++/11.3.0]
  collapse include dir [/nix/store/jdc41bl531bw84wi82y6gvij34q5m24a-gcc-11.3.0/include/c++/11.3.0/x86_64-unknown-linux-gnu] ==> [/nix/store/jdc41bl531bw84wi82y6gvij34q5m24a-gcc-11.3.0/include/c++/11.3.0/x86_64-unknown-linux-gnu]
  collapse include dir [/nix/store/mp5s94sca8qyy0sgrz7306b9q8pwdbw1-clang-wrapper-11.1.0/resource-root/include] ==> [/nix/store/mp5s94sca8qyy0sgrz7306b9q8pwdbw1-clang-wrapper-11.1.0/resource-root/include]
  collapse include dir [/nix/store/1x86jfiwsp5qi448fcdkkzn7vmx4krv2-glibc-2.35-163-dev/include] ==> [/nix/store/1x86jfiwsp5qi448fcdkkzn7vmx4krv2-glibc-2.35-163-dev/include]
  collapse include dir [/usr/include] ==> [/usr/include]
  implicit include dirs: [/nix/store/l119d9k093iv5hf9xfzd0v1n4c6rdr0i-at-spi2-core-2.44.1-dev/include;/nix/store/p0qkri408a3iw8f448hbxqnmiw2v7wry-dbus-1.14.0-dev/include;/nix/store/vasd97zp9z6zczh3pvfpvkgws9352mb2-expat-2.4.8-dev/include;/nix/store/ggwhz4q99p3sw38sz7bd7fwk61b7pslj-glib-2.72.3-dev/include;/nix/store/pff4n2g5spclpmiai531b8dmqscnyvib-zlib-1.2.12-dev/include;/nix/store/jxmc2zhyqgx0j6160fzp4h75ks9q7gyl-libffi-3.4.2-dev/include;/nix/store/5zxflpf41clrajml6ahdjg4z0pylq7pj-gettext-0.21/include;/nix/store/gizfycdnn9pgg0jhw692zanjqr822xn9-glibc-iconv-2.35/include;/nix/store/x7c209rc3qgl68yzj7fv6yv95fxv01w9-dart-2.17.3/include;/nix/store/nlhshd5j3wls7wgl97mn7bmd72nba1dd-gtk+3-3.24.34-dev/include;/nix/store/bxndgh6l53zkds44qiw3ff8l4238ld1b-at-spi2-atk-2.38.0/include;/nix/store/44zachn6vpm2bfk8gxapxgk19s5spsqc-atk-2.38.0-dev/include;/nix/store/klv9kf61cbkqm938l93q837d3nfijdip-cairo-1.16.0-dev/include;/nix/store/gjqc3lxf1yzzzrcpmr5h573xhxlwwncr-fontconfig-2.14.0-dev/include;/nix/store/g6sfb8qzyay57k0z4q5c19z1q8z15ml8-freetype-2.12.1-dev/include;/nix/store/wd1c7q734966mrvynacc6q867h98x0kk-bzip2-1.0.8-dev/include;/nix/store/8gyba5l8m27azjasqx61kx1440cg9cyf-libpng-apng-1.6.37-dev/include;/nix/store/g6mvfv5nh26s4lxa446dh93gmgwvgjns-pixman-0.38.4/include;/nix/store/392pvknw5ia413q4yrnrwn4jlnhmz7dx-libXext-1.3.4-dev/include;/nix/store/dvzlfy3f4ybx5xnzghb6cf46i2cd56z0-xorgproto-2021.5/include;/nix/store/7acawhj1ggis2c4w22pgqsbppv939k3z-libXau-1.0.9-dev/include;/nix/store/8f8c7g6dlhgd0gz1xnwdm5n23d5axiwq-libXrender-0.9.10-dev/include;/nix/store/pwkmvp5hcfnrrg7r659v5jdy4nf7mf2m-libX11-1.7.2-dev/include;/nix/store/rgxhf3hl7yhkrnccbprgf8d05qh57csq-libxcb-1.14-dev/include;/nix/store/l64ifqghmhcwq6hp1mi2gbjd03aj2d7q-xcb-util-0.4.0-dev/include;/nix/store/jiy0q9w3p1iyivpxifvgzmfqpp3205py-libGL-1.4.0-dev/include;/nix/store/0l9mzs2ixklc2sqj2s4cvnqbwsd0a8if-fribidi-1.0.12/include;/nix/store/g4h3arc7f6aax4qy0makag5va4h8nps2-gdk-pixbuf-2.42.8-dev/include;/nix/store/hy27vpk83jja366m7k8h1sqg074f33ch-libtiff-4.4.0-dev/include;/nix/store/ifrbcmymc727hdmnpg2adiraflw5rqnz-libjpeg-turbo-2.1.3-dev/include;/nix/store/ga386q4dha3v13cr96xbx0xvhcfqdrwp-xz-5.2.5-dev/include;/nix/store/qgiwksphgqq2p515z8y8y5dcky2n9nb5-gsettings-desktop-schemas-42.0/include;/nix/store/z8a9ipkigx96q1mhf1a522pyy7zc7wzw-libICE-1.0.10-dev/include;/nix/store/fgj5ajp0cy1z03f4spgr36f3a314i04h-libSM-1.2.3-dev/include;/nix/store/yvxin2y9lqwd81bh5his9z0qbgmx8wlm-libXcomposite-0.4.5-dev/include;/nix/store/1q39i0af6ss8wzx59glpc9pynz1iy0jd-libXfixes-6.0.0-dev/include;/nix/store/wgfxb12h1v2c2j7608sz9llxxxlfjip0-libXcursor-1.2.0-dev/include;/nix/store/i27bhf4wh2nr7p0lwbpli9lsgs44f3y3-libXi-1.8-dev/include;/nix/store/4m18wwvb2z9l9k6ydpzmxr551ph0p5n5-libXrandr-1.5.2-dev/include;/nix/store/67hgr8kiqnplx2cgcw2a4f8jb9apnfbl-pango-1.50.8-dev/include;/nix/store/s30c885qgxc27pxlz0xm3nvi123fz095-harfbuzz-5.0.1-dev/include;/nix/store/ypyvh6lhfjdz30djdk7glcrrj91b0p2z-graphite2-1.3.14/include;/nix/store/hi5jfrc6nizn1s30jp8hc1qwl97g524z-libXft-2.3.4-dev/include;/nix/store/an42rhwn6ck2nix6caikrr4rvizknjhh-wayland-1.21.0-dev/include;/nix/store/wipba59hn9dff71nj0sc48cczgyx15x4-libXinerama-1.1.4-dev/include;/nix/store/nfhx215j2jzs2zvdal5ya37lb5x21l8n-cups-2.4.2-dev/include;/nix/store/ssnb78n81gq6g505d6lf68w8msv72znm-gmp-with-cxx-6.2.1-dev/include;/nix/store/zmdm9v4jjl6hbnc7k7nm263l9ch37n1b-libdatrie-2019-12-20-dev/include;/nix/store/wgnhrgl6bgmrdmkhvwbbh10yhd73hsk3-libepoxy-1.5.10-dev/include;/nix/store/10gkcxpl23bxni1hd8b6i9xlcpqs3b9s-libselinux-3.3-dev/include;/nix/store/48i6wr7x37z8xp7fgwbgawqz4wn045lz-libsepol-3.3-dev/include;/nix/store/42nsacvk02vcva6z7xw6av8qygy680rj-libthai-0.1.29-dev/include;/nix/store/nncrf7wrqh0qycs0q1zh6n7mw910hbka-libxkbcommon-1.4.1-dev/include;/nix/store/g6c7bywd8mgb6yc6h74fqkd7abp8rd5r-pcre-8.45-dev/include;/nix/store/6zw8wy8dnadw8bv7qr97s1q12rarzkm6-util-linux-2.38-dev/include;/nix/store/1mygwc53mbdxsmv6akafm5mm7avkphnd-libXdmcp-1.1.3-dev/include;/nix/store/ykqp454ad7clp1iy4whdijgg5bx0zj29-libXtst-1.2.3/include;/nix/store/7rrznbj0v2hx41gz41az0pflaw0110m4-compiler-rt-libc-11.1.0-dev/include;/nix/store/jdc41bl531bw84wi82y6gvij34q5m24a-gcc-11.3.0/include/c++/11.3.0;/nix/store/jdc41bl531bw84wi82y6gvij34q5m24a-gcc-11.3.0/include/c++/11.3.0/x86_64-unknown-linux-gnu;/nix/store/mp5s94sca8qyy0sgrz7306b9q8pwdbw1-clang-wrapper-11.1.0/resource-root/include;/nix/store/1x86jfiwsp5qi448fcdkkzn7vmx4krv2-glibc-2.35-163-dev/include;/usr/include]


Parsed CXX implicit link information from above output:
  link line regex: [^( *|.*[/\])(ld|CMAKE_LINK_STARTFILE-NOTFOUND|([^/\]+-)?ld|collect2)[^/\]*( |$)]
  ignore line: [Change Dir: /home/luca/Dokumente/dev/dart/control_center/build/linux/x64/debug/CMakeFiles/CMakeTmp]
  ignore line: []
  ignore line: [Run Build Command(s):/nix/store/va0mcp9vp3xqf69357m50dkgkyfh6rlz-ninja-1.10.2/bin/ninja cmTC_5bc0b && [1/2] Building CXX object CMakeFiles/cmTC_5bc0b.dir/CMakeCXXCompilerABI.cpp.o]
  ignore line: [clang version 11.1.0]
  ignore line: [Target: x86_64-unknown-linux-gnu]
  ignore line: [Thread model: posix]
  ignore line: [InstalledDir: /nix/store/rdlxfx123zbhkrhl7ypp3lk4l5nczkq8-clang-11.1.0/bin]
  ignore line: [Found candidate GCC installation: /nix/store/jdc41bl531bw84wi82y6gvij34q5m24a-gcc-11.3.0/lib/gcc/x86_64-unknown-linux-gnu/11.3.0]
  ignore line: [Found candidate GCC installation: /nix/store/jdc41bl531bw84wi82y6gvij34q5m24a-gcc-11.3.0/lib64/gcc/x86_64-unknown-linux-gnu/11.3.0]
  ignore line: [Selected GCC installation: /nix/store/jdc41bl531bw84wi82y6gvij34q5m24a-gcc-11.3.0/lib64/gcc/x86_64-unknown-linux-gnu/11.3.0]
  ignore line: [Candidate multilib: .]
  ignore line: [@m64]
  ignore line: [Selected multilib: .]
  ignore line: [@m64]
  ignore line: [ (in-process)]
  ignore line: [ "/nix/store/rdlxfx123zbhkrhl7ypp3lk4l5nczkq8-clang-11.1.0/bin/clang-11" -cc1 -triple x86_64-unknown-linux-gnu -emit-obj -disable-free -disable-llvm-verifier -discard-value-names -main-file-name CMakeCXXCompilerABI.cpp -mrelocation-model pic -pic-level 2 -mframe-pointer=none -fmath-errno -fno-rounding-math -mconstructor-aliases -munwind-tables -target-cpu x86-64 -fno-split-dwarf-inlining -debugger-tuning=gdb -v -nostdsysteminc -resource-dir /nix/store/mp5s94sca8qyy0sgrz7306b9q8pwdbw1-clang-wrapper-11.1.0/resource-root -dependency-file CMakeFiles/cmTC_5bc0b.dir/CMakeCXXCompilerABI.cpp.o.d -MT CMakeFiles/cmTC_5bc0b.dir/CMakeCXXCompilerABI.cpp.o -sys-header-deps -idirafter /nix/store/1x86jfiwsp5qi448fcdkkzn7vmx4krv2-glibc-2.35-163-dev/include -idirafter /usr/include -isystem /nix/store/l119d9k093iv5hf9xfzd0v1n4c6rdr0i-at-spi2-core-2.44.1-dev/include -isystem /nix/store/p0qkri408a3iw8f448hbxqnmiw2v7wry-dbus-1.14.0-dev/include -isystem /nix/store/vasd97zp9z6zczh3pvfpvkgws9352mb2-expat-2.4.8-dev/include -isystem /nix/store/ggwhz4q99p3sw38sz7bd7fwk61b7pslj-glib-2.72.3-dev/include -isystem /nix/store/pff4n2g5spclpmiai531b8dmqscnyvib-zlib-1.2.12-dev/include -isystem /nix/store/jxmc2zhyqgx0j6160fzp4h75ks9q7gyl-libffi-3.4.2-dev/include -isystem /nix/store/5zxflpf41clrajml6ahdjg4z0pylq7pj-gettext-0.21/include -isystem /nix/store/gizfycdnn9pgg0jhw692zanjqr822xn9-glibc-iconv-2.35/include -isystem /nix/store/x7c209rc3qgl68yzj7fv6yv95fxv01w9-dart-2.17.3/include -isystem /nix/store/nlhshd5j3wls7wgl97mn7bmd72nba1dd-gtk+3-3.24.34-dev/include -isystem /nix/store/bxndgh6l53zkds44qiw3ff8l4238ld1b-at-spi2-atk-2.38.0/include -isystem /nix/store/44zachn6vpm2bfk8gxapxgk19s5spsqc-atk-2.38.0-dev/include -isystem /nix/store/klv9kf61cbkqm938l93q837d3nfijdip-cairo-1.16.0-dev/include -isystem /nix/store/gjqc3lxf1yzzzrcpmr5h573xhxlwwncr-fontconfig-2.14.0-dev/include -isystem /nix/store/g6sfb8qzyay57k0z4q5c19z1q8z15ml8-freetype-2.12.1-dev/include -isystem /nix/store/wd1c7q734966mrvynacc6q867h98x0kk-bzip2-1.0.8-dev/include -isystem /nix/store/8gyba5l8m27azjasqx61kx1440cg9cyf-libpng-apng-1.6.37-dev/include -isystem /nix/store/g6mvfv5nh26s4lxa446dh93gmgwvgjns-pixman-0.38.4/include -isystem /nix/store/392pvknw5ia413q4yrnrwn4jlnhmz7dx-libXext-1.3.4-dev/include -isystem /nix/store/dvzlfy3f4ybx5xnzghb6cf46i2cd56z0-xorgproto-2021.5/include -isystem /nix/store/7acawhj1ggis2c4w22pgqsbppv939k3z-libXau-1.0.9-dev/include -isystem /nix/store/8f8c7g6dlhgd0gz1xnwdm5n23d5axiwq-libXrender-0.9.10-dev/include -isystem /nix/store/pwkmvp5hcfnrrg7r659v5jdy4nf7mf2m-libX11-1.7.2-dev/include -isystem /nix/store/rgxhf3hl7yhkrnccbprgf8d05qh57csq-libxcb-1.14-dev/include -isystem /nix/store/l64ifqghmhcwq6hp1mi2gbjd03aj2d7q-xcb-util-0.4.0-dev/include -isystem /nix/store/jiy0q9w3p1iyivpxifvgzmfqpp3205py-libGL-1.4.0-dev/include -isystem /nix/store/8757r1dkhs7vm712jgbfwg6qxl61jby7-libglvnd-1.4.0-dev/include -isystem /nix/store/0l9mzs2ixklc2sqj2s4cvnqbwsd0a8if-fribidi-1.0.12/include -isystem /nix/store/g4h3arc7f6aax4qy0makag5va4h8nps2-gdk-pixbuf-2.42.8-dev/include -isystem /nix/store/hy27vpk83jja366m7k8h1sqg074f33ch-libtiff-4.4.0-dev/include -isystem /nix/store/ifrbcmymc727hdmnpg2adiraflw5rqnz-libjpeg-turbo-2.1.3-dev/include -isystem /nix/store/ga386q4dha3v13cr96xbx0xvhcfqdrwp-xz-5.2.5-dev/include -isystem /nix/store/qgiwksphgqq2p515z8y8y5dcky2n9nb5-gsettings-desktop-schemas-42.0/include -isystem /nix/store/z8a9ipkigx96q1mhf1a522pyy7zc7wzw-libICE-1.0.10-dev/include -isystem /nix/store/fgj5ajp0cy1z03f4spgr36f3a314i04h-libSM-1.2.3-dev/include -isystem /nix/store/yvxin2y9lqwd81bh5his9z0qbgmx8wlm-libXcomposite-0.4.5-dev/include -isystem /nix/store/1q39i0af6ss8wzx59glpc9pynz1iy0jd-libXfixes-6.0.0-dev/include -isystem /nix/store/wgfxb12h1v2c2j7608sz9llxxxlfjip0-libXcursor-1.2.0-dev/include -isystem /nix/store/i27bhf4wh2nr7p0lwbpli9lsgs44f3y3-libXi-1.8-dev/include -isystem /nix/store/4m18wwvb2z9l9k6ydpzmxr551ph0p5n5-libXrandr-1.5.2-dev/include -isystem /nix/store/67hgr8kiqnplx2cgcw2a4f8jb9apnfbl-pango-1.50.8-dev/include -isystem /nix/store/s30c885qgxc27pxlz0xm3nvi123fz095-harfbuzz-5.0.1-dev/include -isystem /nix/store/ypyvh6lhfjdz30djdk7glcrrj91b0p2z-graphite2-1.3.14/include -isystem /nix/store/hi5jfrc6nizn1s30jp8hc1qwl97g524z-libXft-2.3.4-dev/include -isystem /nix/store/an42rhwn6ck2nix6caikrr4rvizknjhh-wayland-1.21.0-dev/include -isystem /nix/store/wipba59hn9dff71nj0sc48cczgyx15x4-libXinerama-1.1.4-dev/include -isystem /nix/store/nfhx215j2jzs2zvdal5ya37lb5x21l8n-cups-2.4.2-dev/include -isystem /nix/store/ssnb78n81gq6g505d6lf68w8msv72znm-gmp-with-cxx-6.2.1-dev/include -isystem /nix/store/zmdm9v4jjl6hbnc7k7nm263l9ch37n1b-libdatrie-2019-12-20-dev/include -isystem /nix/store/wgnhrgl6bgmrdmkhvwbbh10yhd73hsk3-libepoxy-1.5.10-dev/include -isystem /nix/store/10gkcxpl23bxni1hd8b6i9xlcpqs3b9s-libselinux-3.3-dev/include -isystem /nix/store/48i6wr7x37z8xp7fgwbgawqz4wn045lz-libsepol-3.3-dev/include -isystem /nix/store/42nsacvk02vcva6z7xw6av8qygy680rj-libthai-0.1.29-dev/include -isystem /nix/store/nncrf7wrqh0qycs0q1zh6n7mw910hbka-libxkbcommon-1.4.1-dev/include -isystem /nix/store/g6c7bywd8mgb6yc6h74fqkd7abp8rd5r-pcre-8.45-dev/include -isystem /nix/store/6zw8wy8dnadw8bv7qr97s1q12rarzkm6-util-linux-2.38-dev/include -isystem /nix/store/1mygwc53mbdxsmv6akafm5mm7avkphnd-libXdmcp-1.1.3-dev/include -isystem /nix/store/ykqp454ad7clp1iy4whdijgg5bx0zj29-libXtst-1.2.3/include -isystem /nix/store/7rrznbj0v2hx41gz41az0pflaw0110m4-compiler-rt-libc-11.1.0-dev/include -isystem /nix/store/jdc41bl531bw84wi82y6gvij34q5m24a-gcc-11.3.0/include/c++/11.3.0 -isystem /nix/store/jdc41bl531bw84wi82y6gvij34q5m24a-gcc-11.3.0/include/c++/11.3.0/x86_64-unknown-linux-gnu -D _FORTIFY_SOURCE=2 -internal-isystem /nix/store/mp5s94sca8qyy0sgrz7306b9q8pwdbw1-clang-wrapper-11.1.0/resource-root/include -O2 -Wformat -Wformat-security -Werror=format-security -fdeprecated-macro -fdebug-compilation-dir /home/luca/Dokumente/dev/dart/control_center/build/linux/x64/debug/CMakeFiles/CMakeTmp -ferror-limit 19 -fwrapv -stack-protector 2 -stack-protector-buffer-size 4 -fgnuc-version=4.2.1 -fcxx-exceptions -fexceptions -vectorize-loops -vectorize-slp -faddrsig -o CMakeFiles/cmTC_5bc0b.dir/CMakeCXXCompilerABI.cpp.o -x c++ /nix/store/n5r8ipbjfhnhzv3qkp1g74shbvnhnni2-cmake-3.24.0/share/cmake-3.24/Modules/CMakeCXXCompilerABI.cpp]
  ignore line: [clang -cc1 version 11.1.0 based upon LLVM 11.1.0 default target x86_64-unknown-linux-gnu]
  ignore line: [ignoring duplicate directory "/nix/store/jiy0q9w3p1iyivpxifvgzmfqpp3205py-libGL-1.4.0-dev/include"]
  ignore line: [#include "..." search starts here:]
  ignore line: [#include <...> search starts here:]
  ignore line: [ /nix/store/l119d9k093iv5hf9xfzd0v1n4c6rdr0i-at-spi2-core-2.44.1-dev/include]
  ignore line: [ /nix/store/p0qkri408a3iw8f448hbxqnmiw2v7wry-dbus-1.14.0-dev/include]
  ignore line: [ /nix/store/vasd97zp9z6zczh3pvfpvkgws9352mb2-expat-2.4.8-dev/include]
  ignore line: [ /nix/store/ggwhz4q99p3sw38sz7bd7fwk61b7pslj-glib-2.72.3-dev/include]
  ignore line: [ /nix/store/pff4n2g5spclpmiai531b8dmqscnyvib-zlib-1.2.12-dev/include]
  ignore line: [ /nix/store/jxmc2zhyqgx0j6160fzp4h75ks9q7gyl-libffi-3.4.2-dev/include]
  ignore line: [ /nix/store/5zxflpf41clrajml6ahdjg4z0pylq7pj-gettext-0.21/include]
  ignore line: [ /nix/store/gizfycdnn9pgg0jhw692zanjqr822xn9-glibc-iconv-2.35/include]
  ignore line: [ /nix/store/x7c209rc3qgl68yzj7fv6yv95fxv01w9-dart-2.17.3/include]
  ignore line: [ /nix/store/nlhshd5j3wls7wgl97mn7bmd72nba1dd-gtk+3-3.24.34-dev/include]
  ignore line: [ /nix/store/bxndgh6l53zkds44qiw3ff8l4238ld1b-at-spi2-atk-2.38.0/include]
  ignore line: [ /nix/store/44zachn6vpm2bfk8gxapxgk19s5spsqc-atk-2.38.0-dev/include]
  ignore line: [ /nix/store/klv9kf61cbkqm938l93q837d3nfijdip-cairo-1.16.0-dev/include]
  ignore line: [ /nix/store/gjqc3lxf1yzzzrcpmr5h573xhxlwwncr-fontconfig-2.14.0-dev/include]
  ignore line: [ /nix/store/g6sfb8qzyay57k0z4q5c19z1q8z15ml8-freetype-2.12.1-dev/include]
  ignore line: [ /nix/store/wd1c7q734966mrvynacc6q867h98x0kk-bzip2-1.0.8-dev/include]
  ignore line: [ /nix/store/8gyba5l8m27azjasqx61kx1440cg9cyf-libpng-apng-1.6.37-dev/include]
  ignore line: [ /nix/store/g6mvfv5nh26s4lxa446dh93gmgwvgjns-pixman-0.38.4/include]
  ignore line: [ /nix/store/392pvknw5ia413q4yrnrwn4jlnhmz7dx-libXext-1.3.4-dev/include]
  ignore line: [ /nix/store/dvzlfy3f4ybx5xnzghb6cf46i2cd56z0-xorgproto-2021.5/include]
  ignore line: [ /nix/store/7acawhj1ggis2c4w22pgqsbppv939k3z-libXau-1.0.9-dev/include]
  ignore line: [ /nix/store/8f8c7g6dlhgd0gz1xnwdm5n23d5axiwq-libXrender-0.9.10-dev/include]
  ignore line: [ /nix/store/pwkmvp5hcfnrrg7r659v5jdy4nf7mf2m-libX11-1.7.2-dev/include]
  ignore line: [ /nix/store/rgxhf3hl7yhkrnccbprgf8d05qh57csq-libxcb-1.14-dev/include]
  ignore line: [ /nix/store/l64ifqghmhcwq6hp1mi2gbjd03aj2d7q-xcb-util-0.4.0-dev/include]
  ignore line: [ /nix/store/jiy0q9w3p1iyivpxifvgzmfqpp3205py-libGL-1.4.0-dev/include]
  ignore line: [ /nix/store/0l9mzs2ixklc2sqj2s4cvnqbwsd0a8if-fribidi-1.0.12/include]
  ignore line: [ /nix/store/g4h3arc7f6aax4qy0makag5va4h8nps2-gdk-pixbuf-2.42.8-dev/include]
  ignore line: [ /nix/store/hy27vpk83jja366m7k8h1sqg074f33ch-libtiff-4.4.0-dev/include]
  ignore line: [ /nix/store/ifrbcmymc727hdmnpg2adiraflw5rqnz-libjpeg-turbo-2.1.3-dev/include]
  ignore line: [ /nix/store/ga386q4dha3v13cr96xbx0xvhcfqdrwp-xz-5.2.5-dev/include]
  ignore line: [ /nix/store/qgiwksphgqq2p515z8y8y5dcky2n9nb5-gsettings-desktop-schemas-42.0/include]
  ignore line: [ /nix/store/z8a9ipkigx96q1mhf1a522pyy7zc7wzw-libICE-1.0.10-dev/include]
  ignore line: [ /nix/store/fgj5ajp0cy1z03f4spgr36f3a314i04h-libSM-1.2.3-dev/include]
  ignore line: [ /nix/store/yvxin2y9lqwd81bh5his9z0qbgmx8wlm-libXcomposite-0.4.5-dev/include]
  ignore line: [ /nix/store/1q39i0af6ss8wzx59glpc9pynz1iy0jd-libXfixes-6.0.0-dev/include]
  ignore line: [ /nix/store/wgfxb12h1v2c2j7608sz9llxxxlfjip0-libXcursor-1.2.0-dev/include]
  ignore line: [ /nix/store/i27bhf4wh2nr7p0lwbpli9lsgs44f3y3-libXi-1.8-dev/include]
  ignore line: [ /nix/store/4m18wwvb2z9l9k6ydpzmxr551ph0p5n5-libXrandr-1.5.2-dev/include]
  ignore line: [ /nix/store/67hgr8kiqnplx2cgcw2a4f8jb9apnfbl-pango-1.50.8-dev/include]
  ignore line: [ /nix/store/s30c885qgxc27pxlz0xm3nvi123fz095-harfbuzz-5.0.1-dev/include]
  ignore line: [ /nix/store/ypyvh6lhfjdz30djdk7glcrrj91b0p2z-graphite2-1.3.14/include]
  ignore line: [ /nix/store/hi5jfrc6nizn1s30jp8hc1qwl97g524z-libXft-2.3.4-dev/include]
  ignore line: [ /nix/store/an42rhwn6ck2nix6caikrr4rvizknjhh-wayland-1.21.0-dev/include]
  ignore line: [ /nix/store/wipba59hn9dff71nj0sc48cczgyx15x4-libXinerama-1.1.4-dev/include]
  ignore line: [ /nix/store/nfhx215j2jzs2zvdal5ya37lb5x21l8n-cups-2.4.2-dev/include]
  ignore line: [ /nix/store/ssnb78n81gq6g505d6lf68w8msv72znm-gmp-with-cxx-6.2.1-dev/include]
  ignore line: [ /nix/store/zmdm9v4jjl6hbnc7k7nm263l9ch37n1b-libdatrie-2019-12-20-dev/include]
  ignore line: [ /nix/store/wgnhrgl6bgmrdmkhvwbbh10yhd73hsk3-libepoxy-1.5.10-dev/include]
  ignore line: [ /nix/store/10gkcxpl23bxni1hd8b6i9xlcpqs3b9s-libselinux-3.3-dev/include]
  ignore line: [ /nix/store/48i6wr7x37z8xp7fgwbgawqz4wn045lz-libsepol-3.3-dev/include]
  ignore line: [ /nix/store/42nsacvk02vcva6z7xw6av8qygy680rj-libthai-0.1.29-dev/include]
  ignore line: [ /nix/store/nncrf7wrqh0qycs0q1zh6n7mw910hbka-libxkbcommon-1.4.1-dev/include]
  ignore line: [ /nix/store/g6c7bywd8mgb6yc6h74fqkd7abp8rd5r-pcre-8.45-dev/include]
  ignore line: [ /nix/store/6zw8wy8dnadw8bv7qr97s1q12rarzkm6-util-linux-2.38-dev/include]
  ignore line: [ /nix/store/1mygwc53mbdxsmv6akafm5mm7avkphnd-libXdmcp-1.1.3-dev/include]
  ignore line: [ /nix/store/ykqp454ad7clp1iy4whdijgg5bx0zj29-libXtst-1.2.3/include]
  ignore line: [ /nix/store/7rrznbj0v2hx41gz41az0pflaw0110m4-compiler-rt-libc-11.1.0-dev/include]
  ignore line: [ /nix/store/jdc41bl531bw84wi82y6gvij34q5m24a-gcc-11.3.0/include/c++/11.3.0]
  ignore line: [ /nix/store/jdc41bl531bw84wi82y6gvij34q5m24a-gcc-11.3.0/include/c++/11.3.0/x86_64-unknown-linux-gnu]
  ignore line: [ /nix/store/mp5s94sca8qyy0sgrz7306b9q8pwdbw1-clang-wrapper-11.1.0/resource-root/include]
  ignore line: [ /nix/store/1x86jfiwsp5qi448fcdkkzn7vmx4krv2-glibc-2.35-163-dev/include]
  ignore line: [ /usr/include]
  ignore line: [End of search list.]
  ignore line: [[2/2] Linking CXX executable cmTC_5bc0b]
  ignore line: [clang version 11.1.0]
  ignore line: [Target: x86_64-unknown-linux-gnu]
  ignore line: [Thread model: posix]
  ignore line: [InstalledDir: /nix/store/rdlxfx123zbhkrhl7ypp3lk4l5nczkq8-clang-11.1.0/bin]
  ignore line: [Found candidate GCC installation: /nix/store/jdc41bl531bw84wi82y6gvij34q5m24a-gcc-11.3.0/lib/gcc/x86_64-unknown-linux-gnu/11.3.0]
  ignore line: [Found candidate GCC installation: /nix/store/jdc41bl531bw84wi82y6gvij34q5m24a-gcc-11.3.0/lib64/gcc/x86_64-unknown-linux-gnu/11.3.0]
  ignore line: [Selected GCC installation: /nix/store/jdc41bl531bw84wi82y6gvij34q5m24a-gcc-11.3.0/lib64/gcc/x86_64-unknown-linux-gnu/11.3.0]
  ignore line: [Candidate multilib: .]
  ignore line: [@m64]
  ignore line: [Selected multilib: .]
  ignore line: [@m64]
  link line: [ "/nix/store/mp5s94sca8qyy0sgrz7306b9q8pwdbw1-clang-wrapper-11.1.0/bin/ld" --eh-frame-hdr -m elf_x86_64 -o cmTC_5bc0b /nix/store/6f66prpgx1qx4n6k450sxs3d157ia1ps-glibc-2.35-163/lib/crt1.o /nix/store/6f66prpgx1qx4n6k450sxs3d157ia1ps-glibc-2.35-163/lib/crti.o /nix/store/jdc41bl531bw84wi82y6gvij34q5m24a-gcc-11.3.0/lib/gcc/x86_64-unknown-linux-gnu/11.3.0/crtbegin.o -L/usr/lib -L/usr/lib32 -L/usr/lib -L/usr/lib32 -L/nix/store/15jsqdqf6al7ajf0ig6gw72nhnxzmb3q-expat-2.4.8/lib -L/nix/store/halhm59bk4qai52lcsidlpwk4rwsv0w2-dbus-1.14.0-lib/lib -L/nix/store/hrn35wrmh3fmql8ak8x3hbfrmc1c614r-zlib-1.2.12/lib -L/nix/store/bd7ks1jmqi06h0k4mgws941ck9ivw4dn-libffi-3.4.2/lib -L/nix/store/5zxflpf41clrajml6ahdjg4z0pylq7pj-gettext-0.21/lib -L/nix/store/hwfw0q5plnqv7qqyz41i9jj9df5p556c-glib-2.72.3/lib -L/nix/store/iqy6yzzw4igl8q8n1s670pxhgh54h0m6-at-spi2-core-2.44.1/lib -L/nix/store/x7c209rc3qgl68yzj7fv6yv95fxv01w9-dart-2.17.3/lib -L/nix/store/bxndgh6l53zkds44qiw3ff8l4238ld1b-at-spi2-atk-2.38.0/lib -L/nix/store/3cbq8c9bn0njn55p9hjm66fzgr8pph60-atk-2.38.0/lib -L/nix/store/5am0ncybqym7qvdsqhw4kjdarnsnyl2p-bzip2-1.0.8/lib -L/nix/store/rw1z00bvbhxa39lxjq8hcijnn9pvjkgw-libpng-apng-1.6.37/lib -L/nix/store/si1acldjinbk7l76j50kp8i5bl1mww6m-freetype-2.12.1/lib -L/nix/store/ay49pdmzqy6a48xa5zwwrxpbj31nlz00-fontconfig-2.14.0-lib/lib -L/nix/store/g6mvfv5nh26s4lxa446dh93gmgwvgjns-pixman-0.38.4/lib -L/nix/store/8z7wghr1f48k3h2pi7sac2irkpzvvd0m-libXau-1.0.9/lib -L/nix/store/xvlh25n2s9pmlwparry8g30gy2c9afhv-libXext-1.3.4/lib -L/nix/store/k4ydfm2cfa3d0wyyagzx8w1ms6759xnq-libxcb-1.14/lib -L/nix/store/mgpraiawrf5gijgi2dgi5lhj9954i7vn-libX11-1.7.2/lib -L/nix/store/r6nimqmwv2wjb8396g6q1rhivchvcy74-libXrender-0.9.10/lib -L/nix/store/g3y8wf4xndydgnc9317qi5dr6zy3ibim-xcb-util-0.4.0/lib -L/nix/store/1pj7sjrqhjzzy05yy1pifdvgk9jm552p-libGL-1.4.0/lib -L/nix/store/6965sarzbc7gkal5hzaxakms4nyiiz6w-libglvnd-1.4.0/lib -L/nix/store/h700gj9x0ban94mjzaaxf3ygblq22mzx-cairo-1.16.0/lib -L/nix/store/0l9mzs2ixklc2sqj2s4cvnqbwsd0a8if-fribidi-1.0.12/lib -L/nix/store/b4cd5w2r1a85z2p9zvixzsp5b06y76lp-libjpeg-turbo-2.1.3/lib -L/nix/store/rivmacrx42wrnx9zavvdzlkk3w6ndfdp-xz-5.2.5/lib -L/nix/store/cfxwajwd0xsrrm219wa07w5him5m27ra-libtiff-4.4.0/lib -L/nix/store/2aii31mm6wca14c6nn8mbwiac7grwcm5-gdk-pixbuf-2.42.8/lib -L/nix/store/snx1kvmnvmavv9fkpb6bq5wii8rfmig8-libICE-1.0.10/lib -L/nix/store/81wlhnkvraaqbkh6zwjizvrpsw555pzg-libSM-1.2.3/lib -L/nix/store/is47mz1fx08vj7h8pp3isiga8nsgbzsv-libXfixes-6.0.0/lib -L/nix/store/3887n1fmqda0spsv2zasbxv3aw7b5llg-libXcomposite-0.4.5/lib -L/nix/store/ndnb9x3asvmjgfvh0q2z1n7cian45sr8-libXcursor-1.2.0/lib -L/nix/store/qmhqfsdmxbji5scmir9yz46f8a0xm2dw-libXi-1.8/lib -L/nix/store/f7libgh4k2rasrl3jx18jdd97n65yns8-libXrandr-1.5.2/lib -L/nix/store/ypyvh6lhfjdz30djdk7glcrrj91b0p2z-graphite2-1.3.14/lib -L/nix/store/ddk80aww7ykb4zlmhq5dn7l8gn2zfq95-harfbuzz-5.0.1/lib -L/nix/store/4ka3ll9fbxfavm0nv8sp9maykk58v4gq-libXft-2.3.4/lib -L/nix/store/kw8m8vm5zs6d2krzaa7dz3d79hwfggl3-pango-1.50.8/lib -L/nix/store/fnfjyksc87b12kb6cwb1g5l6hqp0aisz-wayland-1.21.0/lib -L/nix/store/rxp0pd3bbzhl8klrq8pl4ksjacvpadxr-libXinerama-1.1.4/lib -L/nix/store/zn7w4vjbphsi8j39jxjy97wxh19i3xm0-gmp-with-cxx-6.2.1/lib -L/nix/store/krgcbgpdph49z027qh5swblxxrm0zz3d-cups-2.4.2-lib/lib -L/nix/store/7zcfvib14y1va7707p74sip5drcvpgjl-gtk+3-3.24.34/lib -L/nix/store/4f4zrb8668qh5gs0g9wjfn5gsdgr99is-libdatrie-2019-12-20-lib/lib -L/nix/store/5pihi9vf49fa7p0ikkca5iia9zywzxcb-libepoxy-1.5.10/lib -L/nix/store/rzy6lm45m696iq99kakndddrabv0x3ri-libselinux-3.3/lib -L/nix/store/ky9clik3z67ygm11src3wf7hppv2ids0-libsepol-3.3/lib -L/nix/store/95jv6hq4f1iyvbdh08q73f7g6d5kbg8x-libthai-0.1.29/lib -L/nix/store/v2nakcg7lxxx6ajp98lw4byprg77vvrs-libxkbcommon-1.4.1/lib -L/nix/store/j8xiddj86zw4q8pvh466hcd4papcq8dl-pcre-8.45/lib -L/nix/store/pk6bfdlqm8ddz6y36jdnfmkjh8xp10zi-util-linux-2.38-lib/lib -L/nix/store/lbaz25fqhsbsrpbg53mkkfr8wchv5h1x-libXdmcp-1.1.3/lib -L/nix/store/ykqp454ad7clp1iy4whdijgg5bx0zj29-libXtst-1.2.3/lib -L/nix/store/6f66prpgx1qx4n6k450sxs3d157ia1ps-glibc-2.35-163/lib -L/nix/store/jdc41bl531bw84wi82y6gvij34q5m24a-gcc-11.3.0/lib/gcc/x86_64-unknown-linux-gnu/11.3.0 -L/nix/store/cs16l9whsq2mgydlg0j4x517z4qr861k-gcc-11.3.0-lib/x86_64-unknown-linux-gnu/lib -L/nix/store/r01qnd5sgl8nhs3jcibkn1blzgyl4vga-clang-11.1.0-lib/lib -L/nix/store/jdc41bl531bw84wi82y6gvij34q5m24a-gcc-11.3.0/lib64/gcc/x86_64-unknown-linux-gnu/11.3.0 -L/nix/store/jdc41bl531bw84wi82y6gvij34q5m24a-gcc-11.3.0/lib64/gcc/x86_64-unknown-linux-gnu/11.3.0/../../../../lib64 -L/lib/../lib64 -L/usr/lib/../lib64 -L/nix/store/jdc41bl531bw84wi82y6gvij34q5m24a-gcc-11.3.0/lib64/gcc/x86_64-unknown-linux-gnu/11.3.0/../../.. -L/lib -L/usr/lib -dynamic-linker=/nix/store/6f66prpgx1qx4n6k450sxs3d157ia1ps-glibc-2.35-163/lib/ld-linux-x86-64.so.2 CMakeFiles/cmTC_5bc0b.dir/CMakeCXXCompilerABI.cpp.o -lstdc++ -lm -lgcc_s -lgcc -lc -lgcc_s -lgcc /nix/store/jdc41bl531bw84wi82y6gvij34q5m24a-gcc-11.3.0/lib/gcc/x86_64-unknown-linux-gnu/11.3.0/crtend.o /nix/store/6f66prpgx1qx4n6k450sxs3d157ia1ps-glibc-2.35-163/lib/crtn.o]
    arg [/nix/store/mp5s94sca8qyy0sgrz7306b9q8pwdbw1-clang-wrapper-11.1.0/bin/ld] ==> ignore
    arg [--eh-frame-hdr] ==> ignore
    arg [-m] ==> ignore
    arg [elf_x86_64] ==> ignore
    arg [-o] ==> ignore
    arg [cmTC_5bc0b] ==> ignore
    arg [/nix/store/6f66prpgx1qx4n6k450sxs3d157ia1ps-glibc-2.35-163/lib/crt1.o] ==> obj [/nix/store/6f66prpgx1qx4n6k450sxs3d157ia1ps-glibc-2.35-163/lib/crt1.o]
    arg [/nix/store/6f66prpgx1qx4n6k450sxs3d157ia1ps-glibc-2.35-163/lib/crti.o] ==> obj [/nix/store/6f66prpgx1qx4n6k450sxs3d157ia1ps-glibc-2.35-163/lib/crti.o]
    arg [/nix/store/jdc41bl531bw84wi82y6gvij34q5m24a-gcc-11.3.0/lib/gcc/x86_64-unknown-linux-gnu/11.3.0/crtbegin.o] ==> obj [/nix/store/jdc41bl531bw84wi82y6gvij34q5m24a-gcc-11.3.0/lib/gcc/x86_64-unknown-linux-gnu/11.3.0/crtbegin.o]
    arg [-L/usr/lib] ==> dir [/usr/lib]
    arg [-L/usr/lib32] ==> dir [/usr/lib32]
    arg [-L/usr/lib] ==> dir [/usr/lib]
    arg [-L/usr/lib32] ==> dir [/usr/lib32]
    arg [-L/nix/store/15jsqdqf6al7ajf0ig6gw72nhnxzmb3q-expat-2.4.8/lib] ==> dir [/nix/store/15jsqdqf6al7ajf0ig6gw72nhnxzmb3q-expat-2.4.8/lib]
    arg [-L/nix/store/halhm59bk4qai52lcsidlpwk4rwsv0w2-dbus-1.14.0-lib/lib] ==> dir [/nix/store/halhm59bk4qai52lcsidlpwk4rwsv0w2-dbus-1.14.0-lib/lib]
    arg [-L/nix/store/hrn35wrmh3fmql8ak8x3hbfrmc1c614r-zlib-1.2.12/lib] ==> dir [/nix/store/hrn35wrmh3fmql8ak8x3hbfrmc1c614r-zlib-1.2.12/lib]
    arg [-L/nix/store/bd7ks1jmqi06h0k4mgws941ck9ivw4dn-libffi-3.4.2/lib] ==> dir [/nix/store/bd7ks1jmqi06h0k4mgws941ck9ivw4dn-libffi-3.4.2/lib]
    arg [-L/nix/store/5zxflpf41clrajml6ahdjg4z0pylq7pj-gettext-0.21/lib] ==> dir [/nix/store/5zxflpf41clrajml6ahdjg4z0pylq7pj-gettext-0.21/lib]
    arg [-L/nix/store/hwfw0q5plnqv7qqyz41i9jj9df5p556c-glib-2.72.3/lib] ==> dir [/nix/store/hwfw0q5plnqv7qqyz41i9jj9df5p556c-glib-2.72.3/lib]
    arg [-L/nix/store/iqy6yzzw4igl8q8n1s670pxhgh54h0m6-at-spi2-core-2.44.1/lib] ==> dir [/nix/store/iqy6yzzw4igl8q8n1s670pxhgh54h0m6-at-spi2-core-2.44.1/lib]
    arg [-L/nix/store/x7c209rc3qgl68yzj7fv6yv95fxv01w9-dart-2.17.3/lib] ==> dir [/nix/store/x7c209rc3qgl68yzj7fv6yv95fxv01w9-dart-2.17.3/lib]
    arg [-L/nix/store/bxndgh6l53zkds44qiw3ff8l4238ld1b-at-spi2-atk-2.38.0/lib] ==> dir [/nix/store/bxndgh6l53zkds44qiw3ff8l4238ld1b-at-spi2-atk-2.38.0/lib]
    arg [-L/nix/store/3cbq8c9bn0njn55p9hjm66fzgr8pph60-atk-2.38.0/lib] ==> dir [/nix/store/3cbq8c9bn0njn55p9hjm66fzgr8pph60-atk-2.38.0/lib]
    arg [-L/nix/store/5am0ncybqym7qvdsqhw4kjdarnsnyl2p-bzip2-1.0.8/lib] ==> dir [/nix/store/5am0ncybqym7qvdsqhw4kjdarnsnyl2p-bzip2-1.0.8/lib]
    arg [-L/nix/store/rw1z00bvbhxa39lxjq8hcijnn9pvjkgw-libpng-apng-1.6.37/lib] ==> dir [/nix/store/rw1z00bvbhxa39lxjq8hcijnn9pvjkgw-libpng-apng-1.6.37/lib]
    arg [-L/nix/store/si1acldjinbk7l76j50kp8i5bl1mww6m-freetype-2.12.1/lib] ==> dir [/nix/store/si1acldjinbk7l76j50kp8i5bl1mww6m-freetype-2.12.1/lib]
    arg [-L/nix/store/ay49pdmzqy6a48xa5zwwrxpbj31nlz00-fontconfig-2.14.0-lib/lib] ==> dir [/nix/store/ay49pdmzqy6a48xa5zwwrxpbj31nlz00-fontconfig-2.14.0-lib/lib]
    arg [-L/nix/store/g6mvfv5nh26s4lxa446dh93gmgwvgjns-pixman-0.38.4/lib] ==> dir [/nix/store/g6mvfv5nh26s4lxa446dh93gmgwvgjns-pixman-0.38.4/lib]
    arg [-L/nix/store/8z7wghr1f48k3h2pi7sac2irkpzvvd0m-libXau-1.0.9/lib] ==> dir [/nix/store/8z7wghr1f48k3h2pi7sac2irkpzvvd0m-libXau-1.0.9/lib]
    arg [-L/nix/store/xvlh25n2s9pmlwparry8g30gy2c9afhv-libXext-1.3.4/lib] ==> dir [/nix/store/xvlh25n2s9pmlwparry8g30gy2c9afhv-libXext-1.3.4/lib]
    arg [-L/nix/store/k4ydfm2cfa3d0wyyagzx8w1ms6759xnq-libxcb-1.14/lib] ==> dir [/nix/store/k4ydfm2cfa3d0wyyagzx8w1ms6759xnq-libxcb-1.14/lib]
    arg [-L/nix/store/mgpraiawrf5gijgi2dgi5lhj9954i7vn-libX11-1.7.2/lib] ==> dir [/nix/store/mgpraiawrf5gijgi2dgi5lhj9954i7vn-libX11-1.7.2/lib]
    arg [-L/nix/store/r6nimqmwv2wjb8396g6q1rhivchvcy74-libXrender-0.9.10/lib] ==> dir [/nix/store/r6nimqmwv2wjb8396g6q1rhivchvcy74-libXrender-0.9.10/lib]
    arg [-L/nix/store/g3y8wf4xndydgnc9317qi5dr6zy3ibim-xcb-util-0.4.0/lib] ==> dir [/nix/store/g3y8wf4xndydgnc9317qi5dr6zy3ibim-xcb-util-0.4.0/lib]
    arg [-L/nix/store/1pj7sjrqhjzzy05yy1pifdvgk9jm552p-libGL-1.4.0/lib] ==> dir [/nix/store/1pj7sjrqhjzzy05yy1pifdvgk9jm552p-libGL-1.4.0/lib]
    arg [-L/nix/store/6965sarzbc7gkal5hzaxakms4nyiiz6w-libglvnd-1.4.0/lib] ==> dir [/nix/store/6965sarzbc7gkal5hzaxakms4nyiiz6w-libglvnd-1.4.0/lib]
    arg [-L/nix/store/h700gj9x0ban94mjzaaxf3ygblq22mzx-cairo-1.16.0/lib] ==> dir [/nix/store/h700gj9x0ban94mjzaaxf3ygblq22mzx-cairo-1.16.0/lib]
    arg [-L/nix/store/0l9mzs2ixklc2sqj2s4cvnqbwsd0a8if-fribidi-1.0.12/lib] ==> dir [/nix/store/0l9mzs2ixklc2sqj2s4cvnqbwsd0a8if-fribidi-1.0.12/lib]
    arg [-L/nix/store/b4cd5w2r1a85z2p9zvixzsp5b06y76lp-libjpeg-turbo-2.1.3/lib] ==> dir [/nix/store/b4cd5w2r1a85z2p9zvixzsp5b06y76lp-libjpeg-turbo-2.1.3/lib]
    arg [-L/nix/store/rivmacrx42wrnx9zavvdzlkk3w6ndfdp-xz-5.2.5/lib] ==> dir [/nix/store/rivmacrx42wrnx9zavvdzlkk3w6ndfdp-xz-5.2.5/lib]
    arg [-L/nix/store/cfxwajwd0xsrrm219wa07w5him5m27ra-libtiff-4.4.0/lib] ==> dir [/nix/store/cfxwajwd0xsrrm219wa07w5him5m27ra-libtiff-4.4.0/lib]
    arg [-L/nix/store/2aii31mm6wca14c6nn8mbwiac7grwcm5-gdk-pixbuf-2.42.8/lib] ==> dir [/nix/store/2aii31mm6wca14c6nn8mbwiac7grwcm5-gdk-pixbuf-2.42.8/lib]
    arg [-L/nix/store/snx1kvmnvmavv9fkpb6bq5wii8rfmig8-libICE-1.0.10/lib] ==> dir [/nix/store/snx1kvmnvmavv9fkpb6bq5wii8rfmig8-libICE-1.0.10/lib]
    arg [-L/nix/store/81wlhnkvraaqbkh6zwjizvrpsw555pzg-libSM-1.2.3/lib] ==> dir [/nix/store/81wlhnkvraaqbkh6zwjizvrpsw555pzg-libSM-1.2.3/lib]
    arg [-L/nix/store/is47mz1fx08vj7h8pp3isiga8nsgbzsv-libXfixes-6.0.0/lib] ==> dir [/nix/store/is47mz1fx08vj7h8pp3isiga8nsgbzsv-libXfixes-6.0.0/lib]
    arg [-L/nix/store/3887n1fmqda0spsv2zasbxv3aw7b5llg-libXcomposite-0.4.5/lib] ==> dir [/nix/store/3887n1fmqda0spsv2zasbxv3aw7b5llg-libXcomposite-0.4.5/lib]
    arg [-L/nix/store/ndnb9x3asvmjgfvh0q2z1n7cian45sr8-libXcursor-1.2.0/lib] ==> dir [/nix/store/ndnb9x3asvmjgfvh0q2z1n7cian45sr8-libXcursor-1.2.0/lib]
    arg [-L/nix/store/qmhqfsdmxbji5scmir9yz46f8a0xm2dw-libXi-1.8/lib] ==> dir [/nix/store/qmhqfsdmxbji5scmir9yz46f8a0xm2dw-libXi-1.8/lib]
    arg [-L/nix/store/f7libgh4k2rasrl3jx18jdd97n65yns8-libXrandr-1.5.2/lib] ==> dir [/nix/store/f7libgh4k2rasrl3jx18jdd97n65yns8-libXrandr-1.5.2/lib]
    arg [-L/nix/store/ypyvh6lhfjdz30djdk7glcrrj91b0p2z-graphite2-1.3.14/lib] ==> dir [/nix/store/ypyvh6lhfjdz30djdk7glcrrj91b0p2z-graphite2-1.3.14/lib]
    arg [-L/nix/store/ddk80aww7ykb4zlmhq5dn7l8gn2zfq95-harfbuzz-5.0.1/lib] ==> dir [/nix/store/ddk80aww7ykb4zlmhq5dn7l8gn2zfq95-harfbuzz-5.0.1/lib]
    arg [-L/nix/store/4ka3ll9fbxfavm0nv8sp9maykk58v4gq-libXft-2.3.4/lib] ==> dir [/nix/store/4ka3ll9fbxfavm0nv8sp9maykk58v4gq-libXft-2.3.4/lib]
    arg [-L/nix/store/kw8m8vm5zs6d2krzaa7dz3d79hwfggl3-pango-1.50.8/lib] ==> dir [/nix/store/kw8m8vm5zs6d2krzaa7dz3d79hwfggl3-pango-1.50.8/lib]
    arg [-L/nix/store/fnfjyksc87b12kb6cwb1g5l6hqp0aisz-wayland-1.21.0/lib] ==> dir [/nix/store/fnfjyksc87b12kb6cwb1g5l6hqp0aisz-wayland-1.21.0/lib]
    arg [-L/nix/store/rxp0pd3bbzhl8klrq8pl4ksjacvpadxr-libXinerama-1.1.4/lib] ==> dir [/nix/store/rxp0pd3bbzhl8klrq8pl4ksjacvpadxr-libXinerama-1.1.4/lib]
    arg [-L/nix/store/zn7w4vjbphsi8j39jxjy97wxh19i3xm0-gmp-with-cxx-6.2.1/lib] ==> dir [/nix/store/zn7w4vjbphsi8j39jxjy97wxh19i3xm0-gmp-with-cxx-6.2.1/lib]
    arg [-L/nix/store/krgcbgpdph49z027qh5swblxxrm0zz3d-cups-2.4.2-lib/lib] ==> dir [/nix/store/krgcbgpdph49z027qh5swblxxrm0zz3d-cups-2.4.2-lib/lib]
    arg [-L/nix/store/7zcfvib14y1va7707p74sip5drcvpgjl-gtk+3-3.24.34/lib] ==> dir [/nix/store/7zcfvib14y1va7707p74sip5drcvpgjl-gtk+3-3.24.34/lib]
    arg [-L/nix/store/4f4zrb8668qh5gs0g9wjfn5gsdgr99is-libdatrie-2019-12-20-lib/lib] ==> dir [/nix/store/4f4zrb8668qh5gs0g9wjfn5gsdgr99is-libdatrie-2019-12-20-lib/lib]
    arg [-L/nix/store/5pihi9vf49fa7p0ikkca5iia9zywzxcb-libepoxy-1.5.10/lib] ==> dir [/nix/store/5pihi9vf49fa7p0ikkca5iia9zywzxcb-libepoxy-1.5.10/lib]
    arg [-L/nix/store/rzy6lm45m696iq99kakndddrabv0x3ri-libselinux-3.3/lib] ==> dir [/nix/store/rzy6lm45m696iq99kakndddrabv0x3ri-libselinux-3.3/lib]
    arg [-L/nix/store/ky9clik3z67ygm11src3wf7hppv2ids0-libsepol-3.3/lib] ==> dir [/nix/store/ky9clik3z67ygm11src3wf7hppv2ids0-libsepol-3.3/lib]
    arg [-L/nix/store/95jv6hq4f1iyvbdh08q73f7g6d5kbg8x-libthai-0.1.29/lib] ==> dir [/nix/store/95jv6hq4f1iyvbdh08q73f7g6d5kbg8x-libthai-0.1.29/lib]
    arg [-L/nix/store/v2nakcg7lxxx6ajp98lw4byprg77vvrs-libxkbcommon-1.4.1/lib] ==> dir [/nix/store/v2nakcg7lxxx6ajp98lw4byprg77vvrs-libxkbcommon-1.4.1/lib]
    arg [-L/nix/store/j8xiddj86zw4q8pvh466hcd4papcq8dl-pcre-8.45/lib] ==> dir [/nix/store/j8xiddj86zw4q8pvh466hcd4papcq8dl-pcre-8.45/lib]
    arg [-L/nix/store/pk6bfdlqm8ddz6y36jdnfmkjh8xp10zi-util-linux-2.38-lib/lib] ==> dir [/nix/store/pk6bfdlqm8ddz6y36jdnfmkjh8xp10zi-util-linux-2.38-lib/lib]
    arg [-L/nix/store/lbaz25fqhsbsrpbg53mkkfr8wchv5h1x-libXdmcp-1.1.3/lib] ==> dir [/nix/store/lbaz25fqhsbsrpbg53mkkfr8wchv5h1x-libXdmcp-1.1.3/lib]
    arg [-L/nix/store/ykqp454ad7clp1iy4whdijgg5bx0zj29-libXtst-1.2.3/lib] ==> dir [/nix/store/ykqp454ad7clp1iy4whdijgg5bx0zj29-libXtst-1.2.3/lib]
    arg [-L/nix/store/6f66prpgx1qx4n6k450sxs3d157ia1ps-glibc-2.35-163/lib] ==> dir [/nix/store/6f66prpgx1qx4n6k450sxs3d157ia1ps-glibc-2.35-163/lib]
    arg [-L/nix/store/jdc41bl531bw84wi82y6gvij34q5m24a-gcc-11.3.0/lib/gcc/x86_64-unknown-linux-gnu/11.3.0] ==> dir [/nix/store/jdc41bl531bw84wi82y6gvij34q5m24a-gcc-11.3.0/lib/gcc/x86_64-unknown-linux-gnu/11.3.0]
    arg [-L/nix/store/cs16l9whsq2mgydlg0j4x517z4qr861k-gcc-11.3.0-lib/x86_64-unknown-linux-gnu/lib] ==> dir [/nix/store/cs16l9whsq2mgydlg0j4x517z4qr861k-gcc-11.3.0-lib/x86_64-unknown-linux-gnu/lib]
    arg [-L/nix/store/r01qnd5sgl8nhs3jcibkn1blzgyl4vga-clang-11.1.0-lib/lib] ==> dir [/nix/store/r01qnd5sgl8nhs3jcibkn1blzgyl4vga-clang-11.1.0-lib/lib]
    arg [-L/nix/store/jdc41bl531bw84wi82y6gvij34q5m24a-gcc-11.3.0/lib64/gcc/x86_64-unknown-linux-gnu/11.3.0] ==> dir [/nix/store/jdc41bl531bw84wi82y6gvij34q5m24a-gcc-11.3.0/lib64/gcc/x86_64-unknown-linux-gnu/11.3.0]
    arg [-L/nix/store/jdc41bl531bw84wi82y6gvij34q5m24a-gcc-11.3.0/lib64/gcc/x86_64-unknown-linux-gnu/11.3.0/../../../../lib64] ==> dir [/nix/store/jdc41bl531bw84wi82y6gvij34q5m24a-gcc-11.3.0/lib64/gcc/x86_64-unknown-linux-gnu/11.3.0/../../../../lib64]
    arg [-L/lib/../lib64] ==> dir [/lib/../lib64]
    arg [-L/usr/lib/../lib64] ==> dir [/usr/lib/../lib64]
    arg [-L/nix/store/jdc41bl531bw84wi82y6gvij34q5m24a-gcc-11.3.0/lib64/gcc/x86_64-unknown-linux-gnu/11.3.0/../../..] ==> dir [/nix/store/jdc41bl531bw84wi82y6gvij34q5m24a-gcc-11.3.0/lib64/gcc/x86_64-unknown-linux-gnu/11.3.0/../../..]
    arg [-L/lib] ==> dir [/lib]
    arg [-L/usr/lib] ==> dir [/usr/lib]
    arg [-dynamic-linker=/nix/store/6f66prpgx1qx4n6k450sxs3d157ia1ps-glibc-2.35-163/lib/ld-linux-x86-64.so.2] ==> ignore
    arg [CMakeFiles/cmTC_5bc0b.dir/CMakeCXXCompilerABI.cpp.o] ==> ignore
    arg [-lstdc++] ==> lib [stdc++]
    arg [-lm] ==> lib [m]
    arg [-lgcc_s] ==> lib [gcc_s]
    arg [-lgcc] ==> lib [gcc]
    arg [-lc] ==> lib [c]
    arg [-lgcc_s] ==> lib [gcc_s]
    arg [-lgcc] ==> lib [gcc]
    arg [/nix/store/jdc41bl531bw84wi82y6gvij34q5m24a-gcc-11.3.0/lib/gcc/x86_64-unknown-linux-gnu/11.3.0/crtend.o] ==> obj [/nix/store/jdc41bl531bw84wi82y6gvij34q5m24a-gcc-11.3.0/lib/gcc/x86_64-unknown-linux-gnu/11.3.0/crtend.o]
    arg [/nix/store/6f66prpgx1qx4n6k450sxs3d157ia1ps-glibc-2.35-163/lib/crtn.o] ==> obj [/nix/store/6f66prpgx1qx4n6k450sxs3d157ia1ps-glibc-2.35-163/lib/crtn.o]
  collapse library dir [/usr/lib] ==> [/usr/lib]
  collapse library dir [/usr/lib32] ==> [/usr/lib32]
  collapse library dir [/usr/lib] ==> [/usr/lib]
  collapse library dir [/usr/lib32] ==> [/usr/lib32]
  collapse library dir [/nix/store/15jsqdqf6al7ajf0ig6gw72nhnxzmb3q-expat-2.4.8/lib] ==> [/nix/store/15jsqdqf6al7ajf0ig6gw72nhnxzmb3q-expat-2.4.8/lib]
  collapse library dir [/nix/store/halhm59bk4qai52lcsidlpwk4rwsv0w2-dbus-1.14.0-lib/lib] ==> [/nix/store/halhm59bk4qai52lcsidlpwk4rwsv0w2-dbus-1.14.0-lib/lib]
  collapse library dir [/nix/store/hrn35wrmh3fmql8ak8x3hbfrmc1c614r-zlib-1.2.12/lib] ==> [/nix/store/hrn35wrmh3fmql8ak8x3hbfrmc1c614r-zlib-1.2.12/lib]
  collapse library dir [/nix/store/bd7ks1jmqi06h0k4mgws941ck9ivw4dn-libffi-3.4.2/lib] ==> [/nix/store/bd7ks1jmqi06h0k4mgws941ck9ivw4dn-libffi-3.4.2/lib]
  collapse library dir [/nix/store/5zxflpf41clrajml6ahdjg4z0pylq7pj-gettext-0.21/lib] ==> [/nix/store/5zxflpf41clrajml6ahdjg4z0pylq7pj-gettext-0.21/lib]
  collapse library dir [/nix/store/hwfw0q5plnqv7qqyz41i9jj9df5p556c-glib-2.72.3/lib] ==> [/nix/store/hwfw0q5plnqv7qqyz41i9jj9df5p556c-glib-2.72.3/lib]
  collapse library dir [/nix/store/iqy6yzzw4igl8q8n1s670pxhgh54h0m6-at-spi2-core-2.44.1/lib] ==> [/nix/store/iqy6yzzw4igl8q8n1s670pxhgh54h0m6-at-spi2-core-2.44.1/lib]
  collapse library dir [/nix/store/x7c209rc3qgl68yzj7fv6yv95fxv01w9-dart-2.17.3/lib] ==> [/nix/store/x7c209rc3qgl68yzj7fv6yv95fxv01w9-dart-2.17.3/lib]
  collapse library dir [/nix/store/bxndgh6l53zkds44qiw3ff8l4238ld1b-at-spi2-atk-2.38.0/lib] ==> [/nix/store/bxndgh6l53zkds44qiw3ff8l4238ld1b-at-spi2-atk-2.38.0/lib]
  collapse library dir [/nix/store/3cbq8c9bn0njn55p9hjm66fzgr8pph60-atk-2.38.0/lib] ==> [/nix/store/3cbq8c9bn0njn55p9hjm66fzgr8pph60-atk-2.38.0/lib]
  collapse library dir [/nix/store/5am0ncybqym7qvdsqhw4kjdarnsnyl2p-bzip2-1.0.8/lib] ==> [/nix/store/5am0ncybqym7qvdsqhw4kjdarnsnyl2p-bzip2-1.0.8/lib]
  collapse library dir [/nix/store/rw1z00bvbhxa39lxjq8hcijnn9pvjkgw-libpng-apng-1.6.37/lib] ==> [/nix/store/rw1z00bvbhxa39lxjq8hcijnn9pvjkgw-libpng-apng-1.6.37/lib]
  collapse library dir [/nix/store/si1acldjinbk7l76j50kp8i5bl1mww6m-freetype-2.12.1/lib] ==> [/nix/store/si1acldjinbk7l76j50kp8i5bl1mww6m-freetype-2.12.1/lib]
  collapse library dir [/nix/store/ay49pdmzqy6a48xa5zwwrxpbj31nlz00-fontconfig-2.14.0-lib/lib] ==> [/nix/store/ay49pdmzqy6a48xa5zwwrxpbj31nlz00-fontconfig-2.14.0-lib/lib]
  collapse library dir [/nix/store/g6mvfv5nh26s4lxa446dh93gmgwvgjns-pixman-0.38.4/lib] ==> [/nix/store/g6mvfv5nh26s4lxa446dh93gmgwvgjns-pixman-0.38.4/lib]
  collapse library dir [/nix/store/8z7wghr1f48k3h2pi7sac2irkpzvvd0m-libXau-1.0.9/lib] ==> [/nix/store/8z7wghr1f48k3h2pi7sac2irkpzvvd0m-libXau-1.0.9/lib]
  collapse library dir [/nix/store/xvlh25n2s9pmlwparry8g30gy2c9afhv-libXext-1.3.4/lib] ==> [/nix/store/xvlh25n2s9pmlwparry8g30gy2c9afhv-libXext-1.3.4/lib]
  collapse library dir [/nix/store/k4ydfm2cfa3d0wyyagzx8w1ms6759xnq-libxcb-1.14/lib] ==> [/nix/store/k4ydfm2cfa3d0wyyagzx8w1ms6759xnq-libxcb-1.14/lib]
  collapse library dir [/nix/store/mgpraiawrf5gijgi2dgi5lhj9954i7vn-libX11-1.7.2/lib] ==> [/nix/store/mgpraiawrf5gijgi2dgi5lhj9954i7vn-libX11-1.7.2/lib]
  collapse library dir [/nix/store/r6nimqmwv2wjb8396g6q1rhivchvcy74-libXrender-0.9.10/lib] ==> [/nix/store/r6nimqmwv2wjb8396g6q1rhivchvcy74-libXrender-0.9.10/lib]
  collapse library dir [/nix/store/g3y8wf4xndydgnc9317qi5dr6zy3ibim-xcb-util-0.4.0/lib] ==> [/nix/store/g3y8wf4xndydgnc9317qi5dr6zy3ibim-xcb-util-0.4.0/lib]
  collapse library dir [/nix/store/1pj7sjrqhjzzy05yy1pifdvgk9jm552p-libGL-1.4.0/lib] ==> [/nix/store/1pj7sjrqhjzzy05yy1pifdvgk9jm552p-libGL-1.4.0/lib]
  collapse library dir [/nix/store/6965sarzbc7gkal5hzaxakms4nyiiz6w-libglvnd-1.4.0/lib] ==> [/nix/store/6965sarzbc7gkal5hzaxakms4nyiiz6w-libglvnd-1.4.0/lib]
  collapse library dir [/nix/store/h700gj9x0ban94mjzaaxf3ygblq22mzx-cairo-1.16.0/lib] ==> [/nix/store/h700gj9x0ban94mjzaaxf3ygblq22mzx-cairo-1.16.0/lib]
  collapse library dir [/nix/store/0l9mzs2ixklc2sqj2s4cvnqbwsd0a8if-fribidi-1.0.12/lib] ==> [/nix/store/0l9mzs2ixklc2sqj2s4cvnqbwsd0a8if-fribidi-1.0.12/lib]
  collapse library dir [/nix/store/b4cd5w2r1a85z2p9zvixzsp5b06y76lp-libjpeg-turbo-2.1.3/lib] ==> [/nix/store/b4cd5w2r1a85z2p9zvixzsp5b06y76lp-libjpeg-turbo-2.1.3/lib]
  collapse library dir [/nix/store/rivmacrx42wrnx9zavvdzlkk3w6ndfdp-xz-5.2.5/lib] ==> [/nix/store/rivmacrx42wrnx9zavvdzlkk3w6ndfdp-xz-5.2.5/lib]
  collapse library dir [/nix/store/cfxwajwd0xsrrm219wa07w5him5m27ra-libtiff-4.4.0/lib] ==> [/nix/store/cfxwajwd0xsrrm219wa07w5him5m27ra-libtiff-4.4.0/lib]
  collapse library dir [/nix/store/2aii31mm6wca14c6nn8mbwiac7grwcm5-gdk-pixbuf-2.42.8/lib] ==> [/nix/store/2aii31mm6wca14c6nn8mbwiac7grwcm5-gdk-pixbuf-2.42.8/lib]
  collapse library dir [/nix/store/snx1kvmnvmavv9fkpb6bq5wii8rfmig8-libICE-1.0.10/lib] ==> [/nix/store/snx1kvmnvmavv9fkpb6bq5wii8rfmig8-libICE-1.0.10/lib]
  collapse library dir [/nix/store/81wlhnkvraaqbkh6zwjizvrpsw555pzg-libSM-1.2.3/lib] ==> [/nix/store/81wlhnkvraaqbkh6zwjizvrpsw555pzg-libSM-1.2.3/lib]
  collapse library dir [/nix/store/is47mz1fx08vj7h8pp3isiga8nsgbzsv-libXfixes-6.0.0/lib] ==> [/nix/store/is47mz1fx08vj7h8pp3isiga8nsgbzsv-libXfixes-6.0.0/lib]
  collapse library dir [/nix/store/3887n1fmqda0spsv2zasbxv3aw7b5llg-libXcomposite-0.4.5/lib] ==> [/nix/store/3887n1fmqda0spsv2zasbxv3aw7b5llg-libXcomposite-0.4.5/lib]
  collapse library dir [/nix/store/ndnb9x3asvmjgfvh0q2z1n7cian45sr8-libXcursor-1.2.0/lib] ==> [/nix/store/ndnb9x3asvmjgfvh0q2z1n7cian45sr8-libXcursor-1.2.0/lib]
  collapse library dir [/nix/store/qmhqfsdmxbji5scmir9yz46f8a0xm2dw-libXi-1.8/lib] ==> [/nix/store/qmhqfsdmxbji5scmir9yz46f8a0xm2dw-libXi-1.8/lib]
  collapse library dir [/nix/store/f7libgh4k2rasrl3jx18jdd97n65yns8-libXrandr-1.5.2/lib] ==> [/nix/store/f7libgh4k2rasrl3jx18jdd97n65yns8-libXrandr-1.5.2/lib]
  collapse library dir [/nix/store/ypyvh6lhfjdz30djdk7glcrrj91b0p2z-graphite2-1.3.14/lib] ==> [/nix/store/ypyvh6lhfjdz30djdk7glcrrj91b0p2z-graphite2-1.3.14/lib]
  collapse library dir [/nix/store/ddk80aww7ykb4zlmhq5dn7l8gn2zfq95-harfbuzz-5.0.1/lib] ==> [/nix/store/ddk80aww7ykb4zlmhq5dn7l8gn2zfq95-harfbuzz-5.0.1/lib]
  collapse library dir [/nix/store/4ka3ll9fbxfavm0nv8sp9maykk58v4gq-libXft-2.3.4/lib] ==> [/nix/store/4ka3ll9fbxfavm0nv8sp9maykk58v4gq-libXft-2.3.4/lib]
  collapse library dir [/nix/store/kw8m8vm5zs6d2krzaa7dz3d79hwfggl3-pango-1.50.8/lib] ==> [/nix/store/kw8m8vm5zs6d2krzaa7dz3d79hwfggl3-pango-1.50.8/lib]
  collapse library dir [/nix/store/fnfjyksc87b12kb6cwb1g5l6hqp0aisz-wayland-1.21.0/lib] ==> [/nix/store/fnfjyksc87b12kb6cwb1g5l6hqp0aisz-wayland-1.21.0/lib]
  collapse library dir [/nix/store/rxp0pd3bbzhl8klrq8pl4ksjacvpadxr-libXinerama-1.1.4/lib] ==> [/nix/store/rxp0pd3bbzhl8klrq8pl4ksjacvpadxr-libXinerama-1.1.4/lib]
  collapse library dir [/nix/store/zn7w4vjbphsi8j39jxjy97wxh19i3xm0-gmp-with-cxx-6.2.1/lib] ==> [/nix/store/zn7w4vjbphsi8j39jxjy97wxh19i3xm0-gmp-with-cxx-6.2.1/lib]
  collapse library dir [/nix/store/krgcbgpdph49z027qh5swblxxrm0zz3d-cups-2.4.2-lib/lib] ==> [/nix/store/krgcbgpdph49z027qh5swblxxrm0zz3d-cups-2.4.2-lib/lib]
  collapse library dir [/nix/store/7zcfvib14y1va7707p74sip5drcvpgjl-gtk+3-3.24.34/lib] ==> [/nix/store/7zcfvib14y1va7707p74sip5drcvpgjl-gtk+3-3.24.34/lib]
  collapse library dir [/nix/store/4f4zrb8668qh5gs0g9wjfn5gsdgr99is-libdatrie-2019-12-20-lib/lib] ==> [/nix/store/4f4zrb8668qh5gs0g9wjfn5gsdgr99is-libdatrie-2019-12-20-lib/lib]
  collapse library dir [/nix/store/5pihi9vf49fa7p0ikkca5iia9zywzxcb-libepoxy-1.5.10/lib] ==> [/nix/store/5pihi9vf49fa7p0ikkca5iia9zywzxcb-libepoxy-1.5.10/lib]
  collapse library dir [/nix/store/rzy6lm45m696iq99kakndddrabv0x3ri-libselinux-3.3/lib] ==> [/nix/store/rzy6lm45m696iq99kakndddrabv0x3ri-libselinux-3.3/lib]
  collapse library dir [/nix/store/ky9clik3z67ygm11src3wf7hppv2ids0-libsepol-3.3/lib] ==> [/nix/store/ky9clik3z67ygm11src3wf7hppv2ids0-libsepol-3.3/lib]
  collapse library dir [/nix/store/95jv6hq4f1iyvbdh08q73f7g6d5kbg8x-libthai-0.1.29/lib] ==> [/nix/store/95jv6hq4f1iyvbdh08q73f7g6d5kbg8x-libthai-0.1.29/lib]
  collapse library dir [/nix/store/v2nakcg7lxxx6ajp98lw4byprg77vvrs-libxkbcommon-1.4.1/lib] ==> [/nix/store/v2nakcg7lxxx6ajp98lw4byprg77vvrs-libxkbcommon-1.4.1/lib]
  collapse library dir [/nix/store/j8xiddj86zw4q8pvh466hcd4papcq8dl-pcre-8.45/lib] ==> [/nix/store/j8xiddj86zw4q8pvh466hcd4papcq8dl-pcre-8.45/lib]
  collapse library dir [/nix/store/pk6bfdlqm8ddz6y36jdnfmkjh8xp10zi-util-linux-2.38-lib/lib] ==> [/nix/store/pk6bfdlqm8ddz6y36jdnfmkjh8xp10zi-util-linux-2.38-lib/lib]
  collapse library dir [/nix/store/lbaz25fqhsbsrpbg53mkkfr8wchv5h1x-libXdmcp-1.1.3/lib] ==> [/nix/store/lbaz25fqhsbsrpbg53mkkfr8wchv5h1x-libXdmcp-1.1.3/lib]
  collapse library dir [/nix/store/ykqp454ad7clp1iy4whdijgg5bx0zj29-libXtst-1.2.3/lib] ==> [/nix/store/ykqp454ad7clp1iy4whdijgg5bx0zj29-libXtst-1.2.3/lib]
  collapse library dir [/nix/store/6f66prpgx1qx4n6k450sxs3d157ia1ps-glibc-2.35-163/lib] ==> [/nix/store/6f66prpgx1qx4n6k450sxs3d157ia1ps-glibc-2.35-163/lib]
  collapse library dir [/nix/store/jdc41bl531bw84wi82y6gvij34q5m24a-gcc-11.3.0/lib/gcc/x86_64-unknown-linux-gnu/11.3.0] ==> [/nix/store/jdc41bl531bw84wi82y6gvij34q5m24a-gcc-11.3.0/lib/gcc/x86_64-unknown-linux-gnu/11.3.0]
  collapse library dir [/nix/store/cs16l9whsq2mgydlg0j4x517z4qr861k-gcc-11.3.0-lib/x86_64-unknown-linux-gnu/lib] ==> [/nix/store/cs16l9whsq2mgydlg0j4x517z4qr861k-gcc-11.3.0-lib/x86_64-unknown-linux-gnu/lib]
  collapse library dir [/nix/store/r01qnd5sgl8nhs3jcibkn1blzgyl4vga-clang-11.1.0-lib/lib] ==> [/nix/store/r01qnd5sgl8nhs3jcibkn1blzgyl4vga-clang-11.1.0-lib/lib]
  collapse library dir [/nix/store/jdc41bl531bw84wi82y6gvij34q5m24a-gcc-11.3.0/lib64/gcc/x86_64-unknown-linux-gnu/11.3.0] ==> [/nix/store/jdc41bl531bw84wi82y6gvij34q5m24a-gcc-11.3.0/lib64/gcc/x86_64-unknown-linux-gnu/11.3.0]
  collapse library dir [/nix/store/jdc41bl531bw84wi82y6gvij34q5m24a-gcc-11.3.0/lib64/gcc/x86_64-unknown-linux-gnu/11.3.0/../../../../lib64] ==> [/nix/store/jdc41bl531bw84wi82y6gvij34q5m24a-gcc-11.3.0/lib64]
  collapse library dir [/lib/../lib64] ==> [/lib64]
  collapse library dir [/usr/lib/../lib64] ==> [/usr/lib64]
  collapse library dir [/nix/store/jdc41bl531bw84wi82y6gvij34q5m24a-gcc-11.3.0/lib64/gcc/x86_64-unknown-linux-gnu/11.3.0/../../..] ==> [/nix/store/jdc41bl531bw84wi82y6gvij34q5m24a-gcc-11.3.0/lib64]
  collapse library dir [/lib] ==> [/lib]
  collapse library dir [/usr/lib] ==> [/usr/lib]
  implicit libs: [stdc++;m;gcc_s;gcc;c;gcc_s;gcc]
  implicit objs: [/nix/store/6f66prpgx1qx4n6k450sxs3d157ia1ps-glibc-2.35-163/lib/crt1.o;/nix/store/6f66prpgx1qx4n6k450sxs3d157ia1ps-glibc-2.35-163/lib/crti.o;/nix/store/jdc41bl531bw84wi82y6gvij34q5m24a-gcc-11.3.0/lib/gcc/x86_64-unknown-linux-gnu/11.3.0/crtbegin.o;/nix/store/jdc41bl531bw84wi82y6gvij34q5m24a-gcc-11.3.0/lib/gcc/x86_64-unknown-linux-gnu/11.3.0/crtend.o;/nix/store/6f66prpgx1qx4n6k450sxs3d157ia1ps-glibc-2.35-163/lib/crtn.o]
  implicit dirs: [/usr/lib;/usr/lib32;/nix/store/15jsqdqf6al7ajf0ig6gw72nhnxzmb3q-expat-2.4.8/lib;/nix/store/halhm59bk4qai52lcsidlpwk4rwsv0w2-dbus-1.14.0-lib/lib;/nix/store/hrn35wrmh3fmql8ak8x3hbfrmc1c614r-zlib-1.2.12/lib;/nix/store/bd7ks1jmqi06h0k4mgws941ck9ivw4dn-libffi-3.4.2/lib;/nix/store/5zxflpf41clrajml6ahdjg4z0pylq7pj-gettext-0.21/lib;/nix/store/hwfw0q5plnqv7qqyz41i9jj9df5p556c-glib-2.72.3/lib;/nix/store/iqy6yzzw4igl8q8n1s670pxhgh54h0m6-at-spi2-core-2.44.1/lib;/nix/store/x7c209rc3qgl68yzj7fv6yv95fxv01w9-dart-2.17.3/lib;/nix/store/bxndgh6l53zkds44qiw3ff8l4238ld1b-at-spi2-atk-2.38.0/lib;/nix/store/3cbq8c9bn0njn55p9hjm66fzgr8pph60-atk-2.38.0/lib;/nix/store/5am0ncybqym7qvdsqhw4kjdarnsnyl2p-bzip2-1.0.8/lib;/nix/store/rw1z00bvbhxa39lxjq8hcijnn9pvjkgw-libpng-apng-1.6.37/lib;/nix/store/si1acldjinbk7l76j50kp8i5bl1mww6m-freetype-2.12.1/lib;/nix/store/ay49pdmzqy6a48xa5zwwrxpbj31nlz00-fontconfig-2.14.0-lib/lib;/nix/store/g6mvfv5nh26s4lxa446dh93gmgwvgjns-pixman-0.38.4/lib;/nix/store/8z7wghr1f48k3h2pi7sac2irkpzvvd0m-libXau-1.0.9/lib;/nix/store/xvlh25n2s9pmlwparry8g30gy2c9afhv-libXext-1.3.4/lib;/nix/store/k4ydfm2cfa3d0wyyagzx8w1ms6759xnq-libxcb-1.14/lib;/nix/store/mgpraiawrf5gijgi2dgi5lhj9954i7vn-libX11-1.7.2/lib;/nix/store/r6nimqmwv2wjb8396g6q1rhivchvcy74-libXrender-0.9.10/lib;/nix/store/g3y8wf4xndydgnc9317qi5dr6zy3ibim-xcb-util-0.4.0/lib;/nix/store/1pj7sjrqhjzzy05yy1pifdvgk9jm552p-libGL-1.4.0/lib;/nix/store/6965sarzbc7gkal5hzaxakms4nyiiz6w-libglvnd-1.4.0/lib;/nix/store/h700gj9x0ban94mjzaaxf3ygblq22mzx-cairo-1.16.0/lib;/nix/store/0l9mzs2ixklc2sqj2s4cvnqbwsd0a8if-fribidi-1.0.12/lib;/nix/store/b4cd5w2r1a85z2p9zvixzsp5b06y76lp-libjpeg-turbo-2.1.3/lib;/nix/store/rivmacrx42wrnx9zavvdzlkk3w6ndfdp-xz-5.2.5/lib;/nix/store/cfxwajwd0xsrrm219wa07w5him5m27ra-libtiff-4.4.0/lib;/nix/store/2aii31mm6wca14c6nn8mbwiac7grwcm5-gdk-pixbuf-2.42.8/lib;/nix/store/snx1kvmnvmavv9fkpb6bq5wii8rfmig8-libICE-1.0.10/lib;/nix/store/81wlhnkvraaqbkh6zwjizvrpsw555pzg-libSM-1.2.3/lib;/nix/store/is47mz1fx08vj7h8pp3isiga8nsgbzsv-libXfixes-6.0.0/lib;/nix/store/3887n1fmqda0spsv2zasbxv3aw7b5llg-libXcomposite-0.4.5/lib;/nix/store/ndnb9x3asvmjgfvh0q2z1n7cian45sr8-libXcursor-1.2.0/lib;/nix/store/qmhqfsdmxbji5scmir9yz46f8a0xm2dw-libXi-1.8/lib;/nix/store/f7libgh4k2rasrl3jx18jdd97n65yns8-libXrandr-1.5.2/lib;/nix/store/ypyvh6lhfjdz30djdk7glcrrj91b0p2z-graphite2-1.3.14/lib;/nix/store/ddk80aww7ykb4zlmhq5dn7l8gn2zfq95-harfbuzz-5.0.1/lib;/nix/store/4ka3ll9fbxfavm0nv8sp9maykk58v4gq-libXft-2.3.4/lib;/nix/store/kw8m8vm5zs6d2krzaa7dz3d79hwfggl3-pango-1.50.8/lib;/nix/store/fnfjyksc87b12kb6cwb1g5l6hqp0aisz-wayland-1.21.0/lib;/nix/store/rxp0pd3bbzhl8klrq8pl4ksjacvpadxr-libXinerama-1.1.4/lib;/nix/store/zn7w4vjbphsi8j39jxjy97wxh19i3xm0-gmp-with-cxx-6.2.1/lib;/nix/store/krgcbgpdph49z027qh5swblxxrm0zz3d-cups-2.4.2-lib/lib;/nix/store/7zcfvib14y1va7707p74sip5drcvpgjl-gtk+3-3.24.34/lib;/nix/store/4f4zrb8668qh5gs0g9wjfn5gsdgr99is-libdatrie-2019-12-20-lib/lib;/nix/store/5pihi9vf49fa7p0ikkca5iia9zywzxcb-libepoxy-1.5.10/lib;/nix/store/rzy6lm45m696iq99kakndddrabv0x3ri-libselinux-3.3/lib;/nix/store/ky9clik3z67ygm11src3wf7hppv2ids0-libsepol-3.3/lib;/nix/store/95jv6hq4f1iyvbdh08q73f7g6d5kbg8x-libthai-0.1.29/lib;/nix/store/v2nakcg7lxxx6ajp98lw4byprg77vvrs-libxkbcommon-1.4.1/lib;/nix/store/j8xiddj86zw4q8pvh466hcd4papcq8dl-pcre-8.45/lib;/nix/store/pk6bfdlqm8ddz6y36jdnfmkjh8xp10zi-util-linux-2.38-lib/lib;/nix/store/lbaz25fqhsbsrpbg53mkkfr8wchv5h1x-libXdmcp-1.1.3/lib;/nix/store/ykqp454ad7clp1iy4whdijgg5bx0zj29-libXtst-1.2.3/lib;/nix/store/6f66prpgx1qx4n6k450sxs3d157ia1ps-glibc-2.35-163/lib;/nix/store/jdc41bl531bw84wi82y6gvij34q5m24a-gcc-11.3.0/lib/gcc/x86_64-unknown-linux-gnu/11.3.0;/nix/store/cs16l9whsq2mgydlg0j4x517z4qr861k-gcc-11.3.0-lib/x86_64-unknown-linux-gnu/lib;/nix/store/r01qnd5sgl8nhs3jcibkn1blzgyl4vga-clang-11.1.0-lib/lib;/nix/store/jdc41bl531bw84wi82y6gvij34q5m24a-gcc-11.3.0/lib64/gcc/x86_64-unknown-linux-gnu/11.3.0;/nix/store/jdc41bl531bw84wi82y6gvij34q5m24a-gcc-11.3.0/lib64;/lib64;/usr/lib64;/lib]
  implicit fwks: []


